{"/home/robson/Desktop/kenzie/q4-sprint2-kenzie-courses-RobsonMT/src/app.ts": {"path":"/home/robson/Desktop/kenzie/q4-sprint2-kenzie-courses-RobsonMT/src/app.ts","all":false,"statementMap":{"0":{"start":{"line":1,"column":0},"end":{"line":1,"column":30}},"1":{"start":{"line":2,"column":0},"end":{"line":2,"column":67}},"2":{"start":{"line":3,"column":0},"end":{"line":3,"column":47}},"3":{"start":{"line":4,"column":0},"end":{"line":4,"column":39}},"4":{"start":{"line":5,"column":0},"end":{"line":5,"column":0}},"5":{"start":{"line":6,"column":0},"end":{"line":6,"column":22}},"6":{"start":{"line":7,"column":0},"end":{"line":7,"column":0}},"7":{"start":{"line":8,"column":0},"end":{"line":8,"column":24}},"8":{"start":{"line":9,"column":0},"end":{"line":9,"column":21}},"9":{"start":{"line":10,"column":0},"end":{"line":10,"column":0}},"10":{"start":{"line":11,"column":0},"end":{"line":11,"column":70}},"11":{"start":{"line":12,"column":0},"end":{"line":12,"column":32}},"12":{"start":{"line":13,"column":0},"end":{"line":13,"column":3}},"13":{"start":{"line":14,"column":0},"end":{"line":14,"column":0}},"14":{"start":{"line":15,"column":0},"end":{"line":15,"column":19}}},"s":{"0":1,"1":1,"2":1,"3":1,"4":1,"5":1,"6":1,"7":1,"8":1,"9":1,"10":1,"11":1,"12":1,"13":1,"14":1},"branchMap":{"0":{"type":"branch","line":11,"loc":{"start":{"line":11,"column":8},"end":{"line":13,"column":2}},"locations":[{"start":{"line":11,"column":8},"end":{"line":13,"column":2}}]}},"b":{"0":[1]},"fnMap":{},"f":{}}
,"/home/robson/Desktop/kenzie/q4-sprint2-kenzie-courses-RobsonMT/src/data-source.ts": {"path":"/home/robson/Desktop/kenzie/q4-sprint2-kenzie-courses-RobsonMT/src/data-source.ts","all":false,"statementMap":{"0":{"start":{"line":1,"column":0},"end":{"line":1,"column":26}},"1":{"start":{"line":2,"column":0},"end":{"line":2,"column":24}},"2":{"start":{"line":3,"column":0},"end":{"line":3,"column":37}},"3":{"start":{"line":4,"column":0},"end":{"line":4,"column":33}},"4":{"start":{"line":5,"column":0},"end":{"line":5,"column":0}},"5":{"start":{"line":6,"column":0},"end":{"line":6,"column":16}},"6":{"start":{"line":7,"column":0},"end":{"line":7,"column":0}},"7":{"start":{"line":8,"column":0},"end":{"line":8,"column":31}},"8":{"start":{"line":9,"column":0},"end":{"line":9,"column":19}},"9":{"start":{"line":10,"column":0},"end":{"line":10,"column":30}},"10":{"start":{"line":11,"column":0},"end":{"line":11,"column":62}},"11":{"start":{"line":12,"column":0},"end":{"line":12,"column":66}},"12":{"start":{"line":13,"column":0},"end":{"line":13,"column":3}},"13":{"start":{"line":14,"column":0},"end":{"line":14,"column":0}},"14":{"start":{"line":15,"column":0},"end":{"line":15,"column":32}},"15":{"start":{"line":16,"column":0},"end":{"line":16,"column":17}},"16":{"start":{"line":17,"column":0},"end":{"line":17,"column":31}},"17":{"start":{"line":18,"column":0},"end":{"line":18,"column":20}},"18":{"start":{"line":19,"column":0},"end":{"line":19,"column":62}},"19":{"start":{"line":20,"column":0},"end":{"line":20,"column":3}},"20":{"start":{"line":21,"column":0},"end":{"line":21,"column":0}},"21":{"start":{"line":22,"column":0},"end":{"line":22,"column":66}}},"s":{"0":1,"1":1,"2":1,"3":1,"4":1,"5":1,"6":1,"7":1,"8":1,"9":1,"10":1,"11":1,"12":1,"13":1,"14":1,"15":1,"16":1,"17":1,"18":1,"19":1,"20":1,"21":1},"branchMap":{"0":{"type":"branch","line":22,"loc":{"start":{"line":22,"column":57},"end":{"line":22,"column":65}},"locations":[{"start":{"line":22,"column":57},"end":{"line":22,"column":65}}]}},"b":{"0":[0]},"fnMap":{},"f":{}}
,"/home/robson/Desktop/kenzie/q4-sprint2-kenzie-courses-RobsonMT/src/config/mailer.config.ts": {"path":"/home/robson/Desktop/kenzie/q4-sprint2-kenzie-courses-RobsonMT/src/config/mailer.config.ts","all":false,"statementMap":{"0":{"start":{"line":1,"column":0},"end":{"line":1,"column":36}},"1":{"start":{"line":2,"column":0},"end":{"line":2,"column":33}},"2":{"start":{"line":3,"column":0},"end":{"line":3,"column":0}},"3":{"start":{"line":4,"column":0},"end":{"line":4,"column":16}},"4":{"start":{"line":5,"column":0},"end":{"line":5,"column":0}},"5":{"start":{"line":6,"column":0},"end":{"line":6,"column":46}},"6":{"start":{"line":7,"column":0},"end":{"line":7,"column":36}},"7":{"start":{"line":8,"column":0},"end":{"line":8,"column":37}},"8":{"start":{"line":9,"column":0},"end":{"line":9,"column":9}},"9":{"start":{"line":10,"column":0},"end":{"line":10,"column":38}},"10":{"start":{"line":11,"column":0},"end":{"line":11,"column":41}},"11":{"start":{"line":12,"column":0},"end":{"line":12,"column":4}},"12":{"start":{"line":13,"column":0},"end":{"line":13,"column":3}},"13":{"start":{"line":14,"column":0},"end":{"line":14,"column":0}},"14":{"start":{"line":15,"column":0},"end":{"line":15,"column":25}}},"s":{"0":1,"1":1,"2":1,"3":1,"4":1,"5":1,"6":1,"7":1,"8":1,"9":1,"10":1,"11":1,"12":1,"13":1,"14":1},"branchMap":{},"b":{},"fnMap":{},"f":{}}
,"/home/robson/Desktop/kenzie/q4-sprint2-kenzie-courses-RobsonMT/src/controllers/course.controller.ts": {"path":"/home/robson/Desktop/kenzie/q4-sprint2-kenzie-courses-RobsonMT/src/controllers/course.controller.ts","all":false,"statementMap":{"0":{"start":{"line":1,"column":0},"end":{"line":1,"column":44}},"1":{"start":{"line":2,"column":0},"end":{"line":2,"column":44}},"2":{"start":{"line":3,"column":0},"end":{"line":3,"column":55}},"3":{"start":{"line":4,"column":0},"end":{"line":4,"column":0}},"4":{"start":{"line":5,"column":0},"end":{"line":5,"column":24}},"5":{"start":{"line":6,"column":0},"end":{"line":6,"column":57}},"6":{"start":{"line":7,"column":0},"end":{"line":7,"column":57}},"7":{"start":{"line":8,"column":0},"end":{"line":8,"column":40}},"8":{"start":{"line":9,"column":0},"end":{"line":9,"column":4}},"9":{"start":{"line":10,"column":0},"end":{"line":10,"column":0}},"10":{"start":{"line":11,"column":0},"end":{"line":11,"column":52}},"11":{"start":{"line":12,"column":0},"end":{"line":12,"column":60}},"12":{"start":{"line":13,"column":0},"end":{"line":13,"column":41}},"13":{"start":{"line":14,"column":0},"end":{"line":14,"column":4}},"14":{"start":{"line":15,"column":0},"end":{"line":15,"column":0}},"15":{"start":{"line":16,"column":0},"end":{"line":16,"column":57}},"16":{"start":{"line":17,"column":0},"end":{"line":17,"column":57}},"17":{"start":{"line":18,"column":0},"end":{"line":18,"column":40}},"18":{"start":{"line":19,"column":0},"end":{"line":19,"column":4}},"19":{"start":{"line":20,"column":0},"end":{"line":20,"column":0}},"20":{"start":{"line":21,"column":0},"end":{"line":21,"column":60}},"21":{"start":{"line":22,"column":0},"end":{"line":22,"column":58}},"22":{"start":{"line":23,"column":0},"end":{"line":23,"column":54}},"23":{"start":{"line":24,"column":0},"end":{"line":24,"column":4}},"24":{"start":{"line":25,"column":0},"end":{"line":25,"column":1}},"25":{"start":{"line":26,"column":0},"end":{"line":26,"column":0}},"26":{"start":{"line":27,"column":0},"end":{"line":27,"column":38}}},"s":{"0":1,"1":1,"2":1,"3":1,"4":2,"5":2,"6":0,"7":0,"8":0,"9":2,"10":2,"11":0,"12":0,"13":0,"14":2,"15":2,"16":0,"17":0,"18":0,"19":2,"20":2,"21":0,"22":0,"23":0,"24":2,"25":1,"26":1},"branchMap":{"0":{"type":"branch","line":5,"loc":{"start":{"line":5,"column":0},"end":{"line":25,"column":1}},"locations":[{"start":{"line":5,"column":0},"end":{"line":25,"column":1}}]},"1":{"type":"branch","line":5,"loc":{"start":{"line":5,"column":0},"end":{"line":25,"column":1}},"locations":[{"start":{"line":5,"column":0},"end":{"line":25,"column":1}}]}},"b":{"0":[2],"1":[2]},"fnMap":{"0":{"name":"CourseController","decl":{"start":{"line":5,"column":0},"end":{"line":25,"column":1}},"loc":{"start":{"line":5,"column":0},"end":{"line":25,"column":1}},"line":5},"1":{"name":"CourseController.createCourse","decl":{"start":{"line":6,"column":17},"end":{"line":9,"column":4}},"loc":{"start":{"line":6,"column":17},"end":{"line":9,"column":4}},"line":6},"2":{"name":"CourseController.readAll","decl":{"start":{"line":11,"column":12},"end":{"line":14,"column":4}},"loc":{"start":{"line":11,"column":12},"end":{"line":14,"column":4}},"line":11},"3":{"name":"CourseController.updateCourse","decl":{"start":{"line":16,"column":17},"end":{"line":19,"column":4}},"loc":{"start":{"line":16,"column":17},"end":{"line":19,"column":4}},"line":16},"4":{"name":"CourseController.registerStudent","decl":{"start":{"line":21,"column":20},"end":{"line":24,"column":4}},"loc":{"start":{"line":21,"column":20},"end":{"line":24,"column":4}},"line":21}},"f":{"0":2,"1":0,"2":0,"3":0,"4":0}}
,"/home/robson/Desktop/kenzie/q4-sprint2-kenzie-courses-RobsonMT/src/controllers/index.ts": {"path":"/home/robson/Desktop/kenzie/q4-sprint2-kenzie-courses-RobsonMT/src/controllers/index.ts","all":false,"statementMap":{"0":{"start":{"line":1,"column":0},"end":{"line":1,"column":51}},"1":{"start":{"line":2,"column":0},"end":{"line":2,"column":47}},"2":{"start":{"line":3,"column":0},"end":{"line":3,"column":0}},"3":{"start":{"line":4,"column":0},"end":{"line":4,"column":44}}},"s":{"0":1,"1":1,"2":1,"3":1},"branchMap":{},"b":{},"fnMap":{},"f":{}}
,"/home/robson/Desktop/kenzie/q4-sprint2-kenzie-courses-RobsonMT/src/controllers/user.controller.ts": {"path":"/home/robson/Desktop/kenzie/q4-sprint2-kenzie-courses-RobsonMT/src/controllers/user.controller.ts","all":false,"statementMap":{"0":{"start":{"line":1,"column":0},"end":{"line":1,"column":44}},"1":{"start":{"line":2,"column":0},"end":{"line":2,"column":51}},"2":{"start":{"line":3,"column":0},"end":{"line":3,"column":0}},"3":{"start":{"line":4,"column":0},"end":{"line":4,"column":22}},"4":{"start":{"line":5,"column":0},"end":{"line":5,"column":54}},"5":{"start":{"line":6,"column":0},"end":{"line":6,"column":61}},"6":{"start":{"line":7,"column":0},"end":{"line":7,"column":44}},"7":{"start":{"line":8,"column":0},"end":{"line":8,"column":4}},"8":{"start":{"line":9,"column":0},"end":{"line":9,"column":0}},"9":{"start":{"line":10,"column":0},"end":{"line":10,"column":55}},"10":{"start":{"line":11,"column":0},"end":{"line":11,"column":47}},"11":{"start":{"line":12,"column":0},"end":{"line":12,"column":38}},"12":{"start":{"line":13,"column":0},"end":{"line":13,"column":4}},"13":{"start":{"line":14,"column":0},"end":{"line":14,"column":0}},"14":{"start":{"line":15,"column":0},"end":{"line":15,"column":52}},"15":{"start":{"line":16,"column":0},"end":{"line":16,"column":48}},"16":{"start":{"line":17,"column":0},"end":{"line":17,"column":38}},"17":{"start":{"line":18,"column":0},"end":{"line":18,"column":4}},"18":{"start":{"line":19,"column":0},"end":{"line":19,"column":0}},"19":{"start":{"line":20,"column":0},"end":{"line":20,"column":49}},"20":{"start":{"line":21,"column":0},"end":{"line":21,"column":45}},"21":{"start":{"line":22,"column":0},"end":{"line":22,"column":39}},"22":{"start":{"line":23,"column":0},"end":{"line":23,"column":4}},"23":{"start":{"line":24,"column":0},"end":{"line":24,"column":0}},"24":{"start":{"line":25,"column":0},"end":{"line":25,"column":51}},"25":{"start":{"line":26,"column":0},"end":{"line":26,"column":47}},"26":{"start":{"line":27,"column":0},"end":{"line":27,"column":38}},"27":{"start":{"line":28,"column":0},"end":{"line":28,"column":4}},"28":{"start":{"line":29,"column":0},"end":{"line":29,"column":1}},"29":{"start":{"line":30,"column":0},"end":{"line":30,"column":0}},"30":{"start":{"line":31,"column":0},"end":{"line":31,"column":36}}},"s":{"0":1,"1":1,"2":1,"3":2,"4":2,"5":2,"6":2,"7":2,"8":2,"9":2,"10":3,"11":3,"12":3,"13":2,"14":2,"15":0,"16":0,"17":0,"18":2,"19":2,"20":1,"21":1,"22":1,"23":2,"24":2,"25":0,"26":0,"27":0,"28":2,"29":1,"30":1},"branchMap":{"0":{"type":"branch","line":4,"loc":{"start":{"line":4,"column":0},"end":{"line":29,"column":1}},"locations":[{"start":{"line":4,"column":0},"end":{"line":29,"column":1}}]},"1":{"type":"branch","line":4,"loc":{"start":{"line":4,"column":0},"end":{"line":29,"column":1}},"locations":[{"start":{"line":4,"column":0},"end":{"line":29,"column":1}}]},"2":{"type":"branch","line":5,"loc":{"start":{"line":5,"column":14},"end":{"line":8,"column":4}},"locations":[{"start":{"line":5,"column":14},"end":{"line":8,"column":4}}]},"3":{"type":"branch","line":5,"loc":{"start":{"line":5,"column":48},"end":{"line":8,"column":4}},"locations":[{"start":{"line":5,"column":48},"end":{"line":8,"column":4}}]},"4":{"type":"branch","line":6,"loc":{"start":{"line":6,"column":32},"end":{"line":6,"column":61}},"locations":[{"start":{"line":6,"column":32},"end":{"line":6,"column":61}}]},"5":{"type":"branch","line":10,"loc":{"start":{"line":10,"column":15},"end":{"line":13,"column":4}},"locations":[{"start":{"line":10,"column":15},"end":{"line":13,"column":4}}]},"6":{"type":"branch","line":10,"loc":{"start":{"line":10,"column":49},"end":{"line":13,"column":4}},"locations":[{"start":{"line":10,"column":49},"end":{"line":13,"column":4}}]},"7":{"type":"branch","line":11,"loc":{"start":{"line":11,"column":17},"end":{"line":11,"column":47}},"locations":[{"start":{"line":11,"column":17},"end":{"line":11,"column":47}}]},"8":{"type":"branch","line":20,"loc":{"start":{"line":20,"column":11},"end":{"line":23,"column":4}},"locations":[{"start":{"line":20,"column":11},"end":{"line":23,"column":4}}]},"9":{"type":"branch","line":20,"loc":{"start":{"line":20,"column":43},"end":{"line":23,"column":4}},"locations":[{"start":{"line":20,"column":43},"end":{"line":23,"column":4}}]},"10":{"type":"branch","line":21,"loc":{"start":{"line":21,"column":18},"end":{"line":21,"column":45}},"locations":[{"start":{"line":21,"column":18},"end":{"line":21,"column":45}}]}},"b":{"0":[2],"1":[2],"2":[2],"3":[2],"4":[2],"5":[3],"6":[3],"7":[3],"8":[1],"9":[1],"10":[1]},"fnMap":{"0":{"name":"UserController","decl":{"start":{"line":4,"column":0},"end":{"line":29,"column":1}},"loc":{"start":{"line":4,"column":0},"end":{"line":29,"column":1}},"line":4},"1":{"name":"UserController.loginUser","decl":{"start":{"line":5,"column":14},"end":{"line":8,"column":4}},"loc":{"start":{"line":5,"column":14},"end":{"line":8,"column":4}},"line":5},"2":{"name":"UserController.createUser","decl":{"start":{"line":10,"column":15},"end":{"line":13,"column":4}},"loc":{"start":{"line":10,"column":15},"end":{"line":13,"column":4}},"line":10},"3":{"name":"UserController.getById","decl":{"start":{"line":15,"column":12},"end":{"line":18,"column":4}},"loc":{"start":{"line":15,"column":12},"end":{"line":18,"column":4}},"line":15},"4":{"name":"UserController.getAll","decl":{"start":{"line":20,"column":11},"end":{"line":23,"column":4}},"loc":{"start":{"line":20,"column":11},"end":{"line":23,"column":4}},"line":20},"5":{"name":"UserController.update","decl":{"start":{"line":25,"column":11},"end":{"line":28,"column":4}},"loc":{"start":{"line":25,"column":11},"end":{"line":28,"column":4}},"line":25}},"f":{"0":2,"1":2,"2":3,"3":0,"4":1,"5":0}}
,"/home/robson/Desktop/kenzie/q4-sprint2-kenzie-courses-RobsonMT/src/entities/Course.entity.ts": {"path":"/home/robson/Desktop/kenzie/q4-sprint2-kenzie-courses-RobsonMT/src/entities/Course.entity.ts","all":false,"statementMap":{"0":{"start":{"line":1,"column":0},"end":{"line":1,"column":88}},"1":{"start":{"line":2,"column":0},"end":{"line":2,"column":37}},"2":{"start":{"line":3,"column":0},"end":{"line":3,"column":0}},"3":{"start":{"line":4,"column":0},"end":{"line":4,"column":18}},"4":{"start":{"line":5,"column":0},"end":{"line":5,"column":21}},"5":{"start":{"line":6,"column":0},"end":{"line":6,"column":33}},"6":{"start":{"line":7,"column":0},"end":{"line":7,"column":14}},"7":{"start":{"line":8,"column":0},"end":{"line":8,"column":0}},"8":{"start":{"line":9,"column":0},"end":{"line":9,"column":11}},"9":{"start":{"line":10,"column":0},"end":{"line":10,"column":21}},"10":{"start":{"line":11,"column":0},"end":{"line":11,"column":0}},"11":{"start":{"line":12,"column":0},"end":{"line":12,"column":11}},"12":{"start":{"line":13,"column":0},"end":{"line":13,"column":19}},"13":{"start":{"line":14,"column":0},"end":{"line":14,"column":0}},"14":{"start":{"line":15,"column":0},"end":{"line":15,"column":63}},"15":{"start":{"line":16,"column":0},"end":{"line":16,"column":14}},"16":{"start":{"line":17,"column":0},"end":{"line":17,"column":19}},"17":{"start":{"line":18,"column":0},"end":{"line":18,"column":1}}},"s":{"0":1,"1":1,"2":1,"3":1,"4":11,"5":11,"6":11,"7":11,"8":11,"9":11,"10":11,"11":11,"12":11,"13":11,"14":11,"15":11,"16":11,"17":11},"branchMap":{"0":{"type":"branch","line":5,"loc":{"start":{"line":5,"column":0},"end":{"line":18,"column":1}},"locations":[{"start":{"line":5,"column":0},"end":{"line":18,"column":1}}]},"1":{"type":"branch","line":5,"loc":{"start":{"line":5,"column":0},"end":{"line":18,"column":1}},"locations":[{"start":{"line":5,"column":0},"end":{"line":18,"column":1}}]},"2":{"type":"branch","line":15,"loc":{"start":{"line":15,"column":14},"end":{"line":15,"column":24}},"locations":[{"start":{"line":15,"column":14},"end":{"line":15,"column":24}}]},"3":{"type":"branch","line":15,"loc":{"start":{"line":15,"column":26},"end":{"line":15,"column":38}},"locations":[{"start":{"line":15,"column":26},"end":{"line":15,"column":38}}]}},"b":{"0":[3],"1":[11],"2":[2],"3":[2]},"fnMap":{"0":{"name":"Course","decl":{"start":{"line":5,"column":0},"end":{"line":18,"column":1}},"loc":{"start":{"line":5,"column":0},"end":{"line":18,"column":1}},"line":5},"1":{"name":"Object.<anonymous>.__decorate.lazy","decl":{"start":{"line":15,"column":14},"end":{"line":15,"column":24}},"loc":{"start":{"line":15,"column":14},"end":{"line":15,"column":24}},"line":15},"2":{"name":"Object.<anonymous>.__decorate.lazy","decl":{"start":{"line":15,"column":26},"end":{"line":15,"column":38}},"loc":{"start":{"line":15,"column":26},"end":{"line":15,"column":38}},"line":15}},"f":{"0":11,"1":2,"2":2}}
,"/home/robson/Desktop/kenzie/q4-sprint2-kenzie-courses-RobsonMT/src/entities/User.entity.ts": {"path":"/home/robson/Desktop/kenzie/q4-sprint2-kenzie-courses-RobsonMT/src/entities/User.entity.ts","all":false,"statementMap":{"0":{"start":{"line":1,"column":0},"end":{"line":1,"column":33}},"1":{"start":{"line":2,"column":0},"end":{"line":2,"column":8}},"2":{"start":{"line":3,"column":0},"end":{"line":3,"column":9}},"3":{"start":{"line":4,"column":0},"end":{"line":4,"column":25}},"4":{"start":{"line":5,"column":0},"end":{"line":5,"column":9}},"5":{"start":{"line":6,"column":0},"end":{"line":6,"column":19}},"6":{"start":{"line":7,"column":0},"end":{"line":7,"column":19}},"7":{"start":{"line":8,"column":0},"end":{"line":8,"column":13}},"8":{"start":{"line":9,"column":0},"end":{"line":9,"column":12}},"9":{"start":{"line":10,"column":0},"end":{"line":10,"column":17}},"10":{"start":{"line":11,"column":0},"end":{"line":11,"column":41}},"11":{"start":{"line":12,"column":0},"end":{"line":12,"column":0}},"12":{"start":{"line":13,"column":0},"end":{"line":13,"column":16}},"13":{"start":{"line":14,"column":0},"end":{"line":14,"column":19}},"14":{"start":{"line":15,"column":0},"end":{"line":15,"column":33}},"15":{"start":{"line":16,"column":0},"end":{"line":16,"column":14}},"16":{"start":{"line":17,"column":0},"end":{"line":17,"column":0}},"17":{"start":{"line":18,"column":0},"end":{"line":18,"column":11}},"18":{"start":{"line":19,"column":0},"end":{"line":19,"column":20}},"19":{"start":{"line":20,"column":0},"end":{"line":20,"column":0}},"20":{"start":{"line":21,"column":0},"end":{"line":21,"column":11}},"21":{"start":{"line":22,"column":0},"end":{"line":22,"column":19}},"22":{"start":{"line":23,"column":0},"end":{"line":23,"column":0}},"23":{"start":{"line":24,"column":0},"end":{"line":24,"column":27}},"24":{"start":{"line":25,"column":0},"end":{"line":25,"column":16}},"25":{"start":{"line":26,"column":0},"end":{"line":26,"column":0}},"26":{"start":{"line":27,"column":0},"end":{"line":27,"column":11}},"27":{"start":{"line":28,"column":0},"end":{"line":28,"column":19}},"28":{"start":{"line":29,"column":0},"end":{"line":29,"column":0}},"29":{"start":{"line":30,"column":0},"end":{"line":30,"column":11}},"30":{"start":{"line":31,"column":0},"end":{"line":31,"column":17}},"31":{"start":{"line":32,"column":0},"end":{"line":32,"column":0}},"32":{"start":{"line":33,"column":0},"end":{"line":33,"column":21}},"33":{"start":{"line":34,"column":0},"end":{"line":34,"column":18}},"34":{"start":{"line":35,"column":0},"end":{"line":35,"column":0}},"35":{"start":{"line":36,"column":0},"end":{"line":36,"column":21}},"36":{"start":{"line":37,"column":0},"end":{"line":37,"column":18}},"37":{"start":{"line":38,"column":0},"end":{"line":38,"column":0}},"38":{"start":{"line":39,"column":0},"end":{"line":39,"column":73}},"39":{"start":{"line":40,"column":0},"end":{"line":40,"column":20}},"40":{"start":{"line":41,"column":0},"end":{"line":41,"column":0}},"41":{"start":{"line":42,"column":0},"end":{"line":42,"column":57}},"42":{"start":{"line":43,"column":0},"end":{"line":43,"column":45}},"43":{"start":{"line":44,"column":0},"end":{"line":44,"column":4}},"44":{"start":{"line":45,"column":0},"end":{"line":45,"column":1}}},"s":{"0":1,"1":1,"2":1,"3":1,"4":1,"5":1,"6":1,"7":1,"8":1,"9":1,"10":1,"11":1,"12":1,"13":11,"14":11,"15":11,"16":11,"17":11,"18":11,"19":11,"20":11,"21":11,"22":11,"23":11,"24":11,"25":11,"26":11,"27":11,"28":11,"29":11,"30":11,"31":11,"32":11,"33":11,"34":11,"35":11,"36":11,"37":11,"38":11,"39":11,"40":11,"41":11,"42":2,"43":2,"44":11},"branchMap":{"0":{"type":"branch","line":14,"loc":{"start":{"line":14,"column":0},"end":{"line":45,"column":1}},"locations":[{"start":{"line":14,"column":0},"end":{"line":45,"column":1}}]},"1":{"type":"branch","line":14,"loc":{"start":{"line":14,"column":0},"end":{"line":45,"column":1}},"locations":[{"start":{"line":14,"column":0},"end":{"line":45,"column":1}}]},"2":{"type":"branch","line":42,"loc":{"start":{"line":42,"column":15},"end":{"line":44,"column":4}},"locations":[{"start":{"line":42,"column":15},"end":{"line":44,"column":4}}]},"3":{"type":"branch","line":42,"loc":{"start":{"line":42,"column":33},"end":{"line":44,"column":4}},"locations":[{"start":{"line":42,"column":33},"end":{"line":44,"column":4}}]},"4":{"type":"branch","line":43,"loc":{"start":{"line":43,"column":11},"end":{"line":43,"column":45}},"locations":[{"start":{"line":43,"column":11},"end":{"line":43,"column":45}}]},"5":{"type":"branch","line":43,"loc":{"start":{"line":43,"column":4},"end":{"line":43,"column":45}},"locations":[{"start":{"line":43,"column":4},"end":{"line":43,"column":45}}]},"6":{"type":"branch","line":39,"loc":{"start":{"line":39,"column":14},"end":{"line":39,"column":26}},"locations":[{"start":{"line":39,"column":14},"end":{"line":39,"column":26}}]},"7":{"type":"branch","line":39,"loc":{"start":{"line":39,"column":28},"end":{"line":39,"column":46}},"locations":[{"start":{"line":39,"column":28},"end":{"line":39,"column":46}}]}},"b":{"0":[3],"1":[11],"2":[2],"3":[2],"4":[2],"5":[2],"6":[2],"7":[2]},"fnMap":{"0":{"name":"User","decl":{"start":{"line":14,"column":0},"end":{"line":45,"column":1}},"loc":{"start":{"line":14,"column":0},"end":{"line":45,"column":1}},"line":14},"1":{"name":"User.comparePwd","decl":{"start":{"line":42,"column":15},"end":{"line":44,"column":4}},"loc":{"start":{"line":42,"column":15},"end":{"line":44,"column":4}},"line":42},"2":{"name":"Object.<anonymous>.__decorate.eager","decl":{"start":{"line":39,"column":14},"end":{"line":39,"column":26}},"loc":{"start":{"line":39,"column":14},"end":{"line":39,"column":26}},"line":39},"3":{"name":"Object.<anonymous>.__decorate.eager","decl":{"start":{"line":39,"column":28},"end":{"line":39,"column":46}},"loc":{"start":{"line":39,"column":28},"end":{"line":39,"column":46}},"line":39}},"f":{"0":11,"1":2,"2":2,"3":2}}
,"/home/robson/Desktop/kenzie/q4-sprint2-kenzie-courses-RobsonMT/src/entities/index.ts": {"path":"/home/robson/Desktop/kenzie/q4-sprint2-kenzie-courses-RobsonMT/src/entities/index.ts","all":false,"statementMap":{"0":{"start":{"line":1,"column":0},"end":{"line":1,"column":37}},"1":{"start":{"line":2,"column":0},"end":{"line":2,"column":41}},"2":{"start":{"line":3,"column":0},"end":{"line":3,"column":0}},"3":{"start":{"line":4,"column":0},"end":{"line":4,"column":24}}},"s":{"0":1,"1":1,"2":1,"3":1},"branchMap":{"0":{"type":"branch","line":4,"loc":{"start":{"line":4,"column":9},"end":{"line":4,"column":13}},"locations":[{"start":{"line":4,"column":9},"end":{"line":4,"column":13}}]},"1":{"type":"branch","line":4,"loc":{"start":{"line":4,"column":15},"end":{"line":4,"column":21}},"locations":[{"start":{"line":4,"column":15},"end":{"line":4,"column":21}}]}},"b":{"0":[5],"1":[5]},"fnMap":{"0":{"name":"get","decl":{"start":{"line":4,"column":9},"end":{"line":4,"column":13}},"loc":{"start":{"line":4,"column":9},"end":{"line":4,"column":13}},"line":4},"1":{"name":"get","decl":{"start":{"line":4,"column":15},"end":{"line":4,"column":21}},"loc":{"start":{"line":4,"column":15},"end":{"line":4,"column":21}},"line":4}},"f":{"0":5,"1":5}}
,"/home/robson/Desktop/kenzie/q4-sprint2-kenzie-courses-RobsonMT/src/errors/errors.ts": {"path":"/home/robson/Desktop/kenzie/q4-sprint2-kenzie-courses-RobsonMT/src/errors/errors.ts","all":false,"statementMap":{"0":{"start":{"line":1,"column":0},"end":{"line":1,"column":35}},"1":{"start":{"line":2,"column":0},"end":{"line":2,"column":0}},"2":{"start":{"line":3,"column":0},"end":{"line":3,"column":45}},"3":{"start":{"line":4,"column":0},"end":{"line":4,"column":0}},"4":{"start":{"line":5,"column":0},"end":{"line":5,"column":20}},"5":{"start":{"line":6,"column":0},"end":{"line":6,"column":28}},"6":{"start":{"line":7,"column":0},"end":{"line":7,"column":27}},"7":{"start":{"line":8,"column":0},"end":{"line":8,"column":0}},"8":{"start":{"line":9,"column":0},"end":{"line":9,"column":54}},"9":{"start":{"line":10,"column":0},"end":{"line":10,"column":33}},"10":{"start":{"line":11,"column":0},"end":{"line":11,"column":27}},"11":{"start":{"line":12,"column":0},"end":{"line":12,"column":3}},"12":{"start":{"line":13,"column":0},"end":{"line":13,"column":1}},"13":{"start":{"line":14,"column":0},"end":{"line":14,"column":0}},"14":{"start":{"line":15,"column":0},"end":{"line":15,"column":53}},"15":{"start":{"line":16,"column":0},"end":{"line":16,"column":36}},"16":{"start":{"line":17,"column":0},"end":{"line":17,"column":69}},"17":{"start":{"line":18,"column":0},"end":{"line":18,"column":3}},"18":{"start":{"line":19,"column":0},"end":{"line":19,"column":0}},"19":{"start":{"line":20,"column":0},"end":{"line":20,"column":21}},"20":{"start":{"line":21,"column":0},"end":{"line":21,"column":0}},"21":{"start":{"line":22,"column":0},"end":{"line":22,"column":69}},"22":{"start":{"line":23,"column":0},"end":{"line":23,"column":2}},"23":{"start":{"line":24,"column":0},"end":{"line":24,"column":0}},"24":{"start":{"line":25,"column":0},"end":{"line":25,"column":38}}},"s":{"0":1,"1":1,"2":1,"3":1,"4":3,"5":3,"6":3,"7":3,"8":3,"9":3,"10":3,"11":3,"12":3,"13":1,"14":1,"15":1,"16":1,"17":1,"18":0,"19":0,"20":0,"21":0,"22":0,"23":1,"24":1},"branchMap":{"0":{"type":"branch","line":5,"loc":{"start":{"line":5,"column":0},"end":{"line":13,"column":1}},"locations":[{"start":{"line":5,"column":0},"end":{"line":13,"column":1}}]},"1":{"type":"branch","line":9,"loc":{"start":{"line":9,"column":2},"end":{"line":12,"column":3}},"locations":[{"start":{"line":9,"column":2},"end":{"line":12,"column":3}}]},"2":{"type":"branch","line":15,"loc":{"start":{"line":15,"column":21},"end":{"line":23,"column":2}},"locations":[{"start":{"line":15,"column":21},"end":{"line":23,"column":2}}]},"3":{"type":"branch","line":19,"loc":{"start":{"line":19,"column":-1},"end":{"line":23,"column":2}},"locations":[{"start":{"line":19,"column":-1},"end":{"line":23,"column":2}}]}},"b":{"0":[3],"1":[3],"2":[1],"3":[0]},"fnMap":{"0":{"name":"ErrorHandler","decl":{"start":{"line":9,"column":2},"end":{"line":12,"column":3}},"loc":{"start":{"line":9,"column":2},"end":{"line":12,"column":3}},"line":9},"1":{"name":"errorHandler","decl":{"start":{"line":15,"column":21},"end":{"line":23,"column":2}},"loc":{"start":{"line":15,"column":21},"end":{"line":23,"column":2}},"line":15}},"f":{"0":3,"1":1}}
,"/home/robson/Desktop/kenzie/q4-sprint2-kenzie-courses-RobsonMT/src/middlewares/getCourseByIdOr404.middleware.ts": {"path":"/home/robson/Desktop/kenzie/q4-sprint2-kenzie-courses-RobsonMT/src/middlewares/getCourseByIdOr404.middleware.ts","all":false,"statementMap":{"0":{"start":{"line":1,"column":0},"end":{"line":1,"column":58}},"1":{"start":{"line":2,"column":0},"end":{"line":2,"column":48}},"2":{"start":{"line":3,"column":0},"end":{"line":3,"column":67}},"3":{"start":{"line":4,"column":0},"end":{"line":4,"column":0}},"4":{"start":{"line":5,"column":0},"end":{"line":5,"column":34}},"5":{"start":{"line":6,"column":0},"end":{"line":6,"column":15}},"6":{"start":{"line":7,"column":0},"end":{"line":7,"column":16}},"7":{"start":{"line":8,"column":0},"end":{"line":8,"column":20}},"8":{"start":{"line":9,"column":0},"end":{"line":9,"column":6}},"9":{"start":{"line":10,"column":0},"end":{"line":10,"column":28}},"10":{"start":{"line":11,"column":0},"end":{"line":11,"column":0}},"11":{"start":{"line":12,"column":0},"end":{"line":12,"column":61}},"12":{"start":{"line":13,"column":0},"end":{"line":13,"column":0}},"13":{"start":{"line":14,"column":0},"end":{"line":14,"column":16}},"14":{"start":{"line":15,"column":0},"end":{"line":15,"column":66}},"15":{"start":{"line":16,"column":0},"end":{"line":16,"column":3}},"16":{"start":{"line":17,"column":0},"end":{"line":17,"column":0}},"17":{"start":{"line":18,"column":0},"end":{"line":18,"column":22}},"18":{"start":{"line":19,"column":0},"end":{"line":19,"column":0}},"19":{"start":{"line":20,"column":0},"end":{"line":20,"column":16}},"20":{"start":{"line":21,"column":0},"end":{"line":21,"column":2}},"21":{"start":{"line":22,"column":0},"end":{"line":22,"column":0}},"22":{"start":{"line":23,"column":0},"end":{"line":23,"column":34}}},"s":{"0":1,"1":1,"2":1,"3":1,"4":1,"5":0,"6":0,"7":0,"8":0,"9":0,"10":0,"11":0,"12":0,"13":0,"14":0,"15":0,"16":0,"17":0,"18":0,"19":0,"20":0,"21":1,"22":1},"branchMap":{},"b":{},"fnMap":{"0":{"name":"getCourseByIdOr404","decl":{"start":{"line":5,"column":27},"end":{"line":21,"column":2}},"loc":{"start":{"line":5,"column":27},"end":{"line":21,"column":2}},"line":5}},"f":{"0":0}}
,"/home/robson/Desktop/kenzie/q4-sprint2-kenzie-courses-RobsonMT/src/middlewares/getUserByIdOr404.middleware.ts": {"path":"/home/robson/Desktop/kenzie/q4-sprint2-kenzie-courses-RobsonMT/src/middlewares/getUserByIdOr404.middleware.ts","all":false,"statementMap":{"0":{"start":{"line":1,"column":0},"end":{"line":1,"column":58}},"1":{"start":{"line":2,"column":0},"end":{"line":2,"column":48}},"2":{"start":{"line":3,"column":0},"end":{"line":3,"column":49}},"3":{"start":{"line":4,"column":0},"end":{"line":4,"column":0}},"4":{"start":{"line":5,"column":0},"end":{"line":5,"column":85}},"5":{"start":{"line":6,"column":0},"end":{"line":6,"column":29}},"6":{"start":{"line":7,"column":0},"end":{"line":7,"column":0}},"7":{"start":{"line":8,"column":0},"end":{"line":8,"column":54}},"8":{"start":{"line":9,"column":0},"end":{"line":9,"column":0}},"9":{"start":{"line":10,"column":0},"end":{"line":10,"column":14}},"10":{"start":{"line":11,"column":0},"end":{"line":11,"column":51}},"11":{"start":{"line":12,"column":0},"end":{"line":12,"column":3}},"12":{"start":{"line":13,"column":0},"end":{"line":13,"column":0}},"13":{"start":{"line":14,"column":0},"end":{"line":14,"column":18}},"14":{"start":{"line":15,"column":0},"end":{"line":15,"column":0}},"15":{"start":{"line":16,"column":0},"end":{"line":16,"column":16}},"16":{"start":{"line":17,"column":0},"end":{"line":17,"column":2}},"17":{"start":{"line":18,"column":0},"end":{"line":18,"column":0}},"18":{"start":{"line":19,"column":0},"end":{"line":19,"column":32}}},"s":{"0":1,"1":1,"2":1,"3":1,"4":1,"5":0,"6":0,"7":0,"8":0,"9":0,"10":0,"11":0,"12":0,"13":0,"14":0,"15":0,"16":0,"17":1,"18":1},"branchMap":{},"b":{},"fnMap":{"0":{"name":"getUserByIdOr404","decl":{"start":{"line":5,"column":25},"end":{"line":17,"column":2}},"loc":{"start":{"line":5,"column":25},"end":{"line":17,"column":2}},"line":5}},"f":{"0":0}}
,"/home/robson/Desktop/kenzie/q4-sprint2-kenzie-courses-RobsonMT/src/middlewares/index.ts": {"path":"/home/robson/Desktop/kenzie/q4-sprint2-kenzie-courses-RobsonMT/src/middlewares/index.ts","all":false,"statementMap":{"0":{"start":{"line":1,"column":0},"end":{"line":1,"column":57}},"1":{"start":{"line":2,"column":0},"end":{"line":2,"column":55}},"2":{"start":{"line":3,"column":0},"end":{"line":3,"column":61}},"3":{"start":{"line":4,"column":0},"end":{"line":4,"column":61}},"4":{"start":{"line":5,"column":0},"end":{"line":5,"column":61}},"5":{"start":{"line":6,"column":0},"end":{"line":6,"column":51}},"6":{"start":{"line":7,"column":0},"end":{"line":7,"column":73}},"7":{"start":{"line":8,"column":0},"end":{"line":8,"column":65}},"8":{"start":{"line":9,"column":0},"end":{"line":9,"column":0}},"9":{"start":{"line":10,"column":0},"end":{"line":10,"column":8}},"10":{"start":{"line":11,"column":0},"end":{"line":11,"column":17}},"11":{"start":{"line":12,"column":0},"end":{"line":12,"column":16}},"12":{"start":{"line":13,"column":0},"end":{"line":13,"column":19}},"13":{"start":{"line":14,"column":0},"end":{"line":14,"column":19}},"14":{"start":{"line":15,"column":0},"end":{"line":15,"column":19}},"15":{"start":{"line":16,"column":0},"end":{"line":16,"column":14}},"16":{"start":{"line":17,"column":0},"end":{"line":17,"column":25}},"17":{"start":{"line":18,"column":0},"end":{"line":18,"column":21}},"18":{"start":{"line":19,"column":0},"end":{"line":19,"column":2}}},"s":{"0":1,"1":1,"2":1,"3":1,"4":1,"5":1,"6":1,"7":1,"8":1,"9":1,"10":1,"11":1,"12":1,"13":1,"14":1,"15":1,"16":1,"17":1,"18":1},"branchMap":{},"b":{},"fnMap":{},"f":{}}
,"/home/robson/Desktop/kenzie/q4-sprint2-kenzie-courses-RobsonMT/src/middlewares/validateSchema.middleware.ts": {"path":"/home/robson/Desktop/kenzie/q4-sprint2-kenzie-courses-RobsonMT/src/middlewares/validateSchema.middleware.ts","all":false,"statementMap":{"0":{"start":{"line":1,"column":0},"end":{"line":1,"column":58}},"1":{"start":{"line":2,"column":0},"end":{"line":2,"column":32}},"2":{"start":{"line":3,"column":0},"end":{"line":3,"column":0}},"3":{"start":{"line":4,"column":0},"end":{"line":4,"column":22}},"4":{"start":{"line":5,"column":0},"end":{"line":5,"column":23}},"5":{"start":{"line":6,"column":0},"end":{"line":6,"column":62}},"6":{"start":{"line":7,"column":0},"end":{"line":7,"column":9}},"7":{"start":{"line":8,"column":0},"end":{"line":8,"column":56}},"8":{"start":{"line":9,"column":0},"end":{"line":9,"column":26}},"9":{"start":{"line":10,"column":0},"end":{"line":10,"column":27}},"10":{"start":{"line":11,"column":0},"end":{"line":11,"column":9}},"11":{"start":{"line":12,"column":0},"end":{"line":12,"column":0}},"12":{"start":{"line":13,"column":0},"end":{"line":13,"column":32}},"13":{"start":{"line":14,"column":0},"end":{"line":14,"column":0}},"14":{"start":{"line":15,"column":0},"end":{"line":15,"column":20}},"15":{"start":{"line":16,"column":0},"end":{"line":16,"column":21}},"16":{"start":{"line":17,"column":0},"end":{"line":17,"column":61}},"17":{"start":{"line":18,"column":0},"end":{"line":18,"column":5}},"18":{"start":{"line":19,"column":0},"end":{"line":19,"column":4}},"19":{"start":{"line":20,"column":0},"end":{"line":20,"column":0}},"20":{"start":{"line":21,"column":0},"end":{"line":21,"column":30}}},"s":{"0":1,"1":1,"2":1,"3":1,"4":1,"5":10,"6":6,"7":6,"8":6,"9":6,"10":6,"11":6,"12":6,"13":6,"14":6,"15":6,"16":6,"17":6,"18":6,"19":1,"20":1},"branchMap":{"0":{"type":"branch","line":5,"loc":{"start":{"line":5,"column":2},"end":{"line":19,"column":4}},"locations":[{"start":{"line":5,"column":2},"end":{"line":19,"column":4}}]},"1":{"type":"branch","line":6,"loc":{"start":{"line":6,"column":2},"end":{"line":19,"column":4}},"locations":[{"start":{"line":6,"column":2},"end":{"line":19,"column":4}}]},"2":{"type":"branch","line":6,"loc":{"start":{"line":6,"column":56},"end":{"line":19,"column":4}},"locations":[{"start":{"line":6,"column":56},"end":{"line":19,"column":4}}]}},"b":{"0":[10],"1":[6],"2":[6]},"fnMap":{"0":{"name":"validateSchema","decl":{"start":{"line":5,"column":2},"end":{"line":19,"column":4}},"loc":{"start":{"line":5,"column":2},"end":{"line":19,"column":4}},"line":5}},"f":{"0":10}}
,"/home/robson/Desktop/kenzie/q4-sprint2-kenzie-courses-RobsonMT/src/middlewares/validateToken.middleware.ts": {"path":"/home/robson/Desktop/kenzie/q4-sprint2-kenzie-courses-RobsonMT/src/middlewares/validateToken.middleware.ts","all":false,"statementMap":{"0":{"start":{"line":1,"column":0},"end":{"line":1,"column":58}},"1":{"start":{"line":2,"column":0},"end":{"line":2,"column":64}},"2":{"start":{"line":3,"column":0},"end":{"line":3,"column":35}},"3":{"start":{"line":4,"column":0},"end":{"line":4,"column":48}},"4":{"start":{"line":5,"column":0},"end":{"line":5,"column":33}},"5":{"start":{"line":6,"column":0},"end":{"line":6,"column":0}},"6":{"start":{"line":7,"column":0},"end":{"line":7,"column":16}},"7":{"start":{"line":8,"column":0},"end":{"line":8,"column":0}},"8":{"start":{"line":9,"column":0},"end":{"line":9,"column":76}},"9":{"start":{"line":10,"column":0},"end":{"line":10,"column":65}},"10":{"start":{"line":11,"column":0},"end":{"line":11,"column":0}},"11":{"start":{"line":12,"column":0},"end":{"line":12,"column":15}},"12":{"start":{"line":13,"column":0},"end":{"line":13,"column":64}},"13":{"start":{"line":14,"column":0},"end":{"line":14,"column":3}},"14":{"start":{"line":15,"column":0},"end":{"line":15,"column":0}},"15":{"start":{"line":16,"column":0},"end":{"line":16,"column":16}},"16":{"start":{"line":17,"column":0},"end":{"line":17,"column":10}},"17":{"start":{"line":18,"column":0},"end":{"line":18,"column":27}},"18":{"start":{"line":19,"column":0},"end":{"line":19,"column":58}},"19":{"start":{"line":20,"column":0},"end":{"line":20,"column":16}},"20":{"start":{"line":21,"column":0},"end":{"line":21,"column":49}},"21":{"start":{"line":22,"column":0},"end":{"line":22,"column":7}},"22":{"start":{"line":23,"column":0},"end":{"line":23,"column":0}},"23":{"start":{"line":24,"column":0},"end":{"line":24,"column":45}},"24":{"start":{"line":25,"column":0},"end":{"line":25,"column":0}},"25":{"start":{"line":26,"column":0},"end":{"line":26,"column":20}},"26":{"start":{"line":27,"column":0},"end":{"line":27,"column":5}},"27":{"start":{"line":28,"column":0},"end":{"line":28,"column":4}},"28":{"start":{"line":29,"column":0},"end":{"line":29,"column":2}},"29":{"start":{"line":30,"column":0},"end":{"line":30,"column":0}},"30":{"start":{"line":31,"column":0},"end":{"line":31,"column":29}}},"s":{"0":1,"1":1,"2":1,"3":1,"4":1,"5":1,"6":1,"7":1,"8":1,"9":5,"10":5,"11":5,"12":1,"13":1,"14":4,"15":4,"16":4,"17":4,"18":4,"19":4,"20":1,"21":1,"22":3,"23":3,"24":3,"25":3,"26":3,"27":4,"28":4,"29":1,"30":1},"branchMap":{"0":{"type":"branch","line":9,"loc":{"start":{"line":9,"column":22},"end":{"line":29,"column":2}},"locations":[{"start":{"line":9,"column":22},"end":{"line":29,"column":2}}]},"1":{"type":"branch","line":10,"loc":{"start":{"line":10,"column":49},"end":{"line":10,"column":51}},"locations":[{"start":{"line":10,"column":49},"end":{"line":10,"column":51}}]},"2":{"type":"branch","line":10,"loc":{"start":{"line":10,"column":49},"end":{"line":10,"column":64}},"locations":[{"start":{"line":10,"column":49},"end":{"line":10,"column":64}}]},"3":{"type":"branch","line":12,"loc":{"start":{"line":12,"column":14},"end":{"line":14,"column":3}},"locations":[{"start":{"line":12,"column":14},"end":{"line":14,"column":3}}]},"4":{"type":"branch","line":15,"loc":{"start":{"line":15,"column":-1},"end":{"line":29,"column":2}},"locations":[{"start":{"line":15,"column":-1},"end":{"line":29,"column":2}}]},"5":{"type":"branch","line":19,"loc":{"start":{"line":19,"column":4},"end":{"line":27,"column":5}},"locations":[{"start":{"line":19,"column":4},"end":{"line":27,"column":5}}]},"6":{"type":"branch","line":20,"loc":{"start":{"line":20,"column":15},"end":{"line":27,"column":5}},"locations":[{"start":{"line":20,"column":15},"end":{"line":27,"column":5}}]},"7":{"type":"branch","line":20,"loc":{"start":{"line":20,"column":15},"end":{"line":22,"column":7}},"locations":[{"start":{"line":20,"column":15},"end":{"line":22,"column":7}}]}},"b":{"0":[5],"1":[1],"2":[4],"3":[1],"4":[4],"5":[4],"6":[3],"7":[1]},"fnMap":{"0":{"name":"validateToken","decl":{"start":{"line":9,"column":22},"end":{"line":29,"column":2}},"loc":{"start":{"line":9,"column":22},"end":{"line":29,"column":2}},"line":9}},"f":{"0":5}}
,"/home/robson/Desktop/kenzie/q4-sprint2-kenzie-courses-RobsonMT/src/middlewares/verifyAdmin.middleware.ts": {"path":"/home/robson/Desktop/kenzie/q4-sprint2-kenzie-courses-RobsonMT/src/middlewares/verifyAdmin.middleware.ts","all":false,"statementMap":{"0":{"start":{"line":1,"column":0},"end":{"line":1,"column":58}},"1":{"start":{"line":2,"column":0},"end":{"line":2,"column":48}},"2":{"start":{"line":3,"column":0},"end":{"line":3,"column":49}},"3":{"start":{"line":4,"column":0},"end":{"line":4,"column":0}},"4":{"start":{"line":5,"column":0},"end":{"line":5,"column":80}},"5":{"start":{"line":6,"column":0},"end":{"line":6,"column":26}},"6":{"start":{"line":7,"column":0},"end":{"line":7,"column":0}},"7":{"start":{"line":8,"column":0},"end":{"line":8,"column":62}},"8":{"start":{"line":9,"column":0},"end":{"line":9,"column":0}},"9":{"start":{"line":10,"column":0},"end":{"line":10,"column":30}},"10":{"start":{"line":11,"column":0},"end":{"line":11,"column":0}},"11":{"start":{"line":12,"column":0},"end":{"line":12,"column":19}},"12":{"start":{"line":13,"column":0},"end":{"line":13,"column":18}},"13":{"start":{"line":14,"column":0},"end":{"line":14,"column":3}},"14":{"start":{"line":15,"column":0},"end":{"line":15,"column":0}},"15":{"start":{"line":16,"column":0},"end":{"line":16,"column":33}},"16":{"start":{"line":17,"column":0},"end":{"line":17,"column":81}},"17":{"start":{"line":18,"column":0},"end":{"line":18,"column":3}},"18":{"start":{"line":19,"column":0},"end":{"line":19,"column":0}},"19":{"start":{"line":20,"column":0},"end":{"line":20,"column":16}},"20":{"start":{"line":21,"column":0},"end":{"line":21,"column":2}},"21":{"start":{"line":22,"column":0},"end":{"line":22,"column":0}},"22":{"start":{"line":23,"column":0},"end":{"line":23,"column":27}}},"s":{"0":1,"1":1,"2":1,"3":1,"4":1,"5":0,"6":0,"7":0,"8":0,"9":0,"10":0,"11":0,"12":0,"13":0,"14":0,"15":0,"16":0,"17":0,"18":0,"19":0,"20":0,"21":1,"22":1},"branchMap":{},"b":{},"fnMap":{"0":{"name":"verifyAdmin","decl":{"start":{"line":5,"column":20},"end":{"line":21,"column":2}},"loc":{"start":{"line":5,"column":20},"end":{"line":21,"column":2}},"line":5}},"f":{"0":0}}
,"/home/robson/Desktop/kenzie/q4-sprint2-kenzie-courses-RobsonMT/src/middlewares/verifyPermission.middleware.ts": {"path":"/home/robson/Desktop/kenzie/q4-sprint2-kenzie-courses-RobsonMT/src/middlewares/verifyPermission.middleware.ts","all":false,"statementMap":{"0":{"start":{"line":1,"column":0},"end":{"line":1,"column":58}},"1":{"start":{"line":2,"column":0},"end":{"line":2,"column":48}},"2":{"start":{"line":3,"column":0},"end":{"line":3,"column":49}},"3":{"start":{"line":4,"column":0},"end":{"line":4,"column":0}},"4":{"start":{"line":5,"column":0},"end":{"line":5,"column":85}},"5":{"start":{"line":6,"column":0},"end":{"line":6,"column":26}},"6":{"start":{"line":7,"column":0},"end":{"line":7,"column":0}},"7":{"start":{"line":8,"column":0},"end":{"line":8,"column":62}},"8":{"start":{"line":9,"column":0},"end":{"line":9,"column":0}},"9":{"start":{"line":10,"column":0},"end":{"line":10,"column":20}},"10":{"start":{"line":11,"column":0},"end":{"line":11,"column":86}},"11":{"start":{"line":12,"column":0},"end":{"line":12,"column":3}},"12":{"start":{"line":13,"column":0},"end":{"line":13,"column":0}},"13":{"start":{"line":14,"column":0},"end":{"line":14,"column":16}},"14":{"start":{"line":15,"column":0},"end":{"line":15,"column":2}},"15":{"start":{"line":16,"column":0},"end":{"line":16,"column":0}},"16":{"start":{"line":17,"column":0},"end":{"line":17,"column":32}}},"s":{"0":1,"1":1,"2":1,"3":1,"4":1,"5":2,"6":2,"7":2,"8":2,"9":2,"10":1,"11":1,"12":1,"13":1,"14":2,"15":1,"16":1},"branchMap":{"0":{"type":"branch","line":5,"loc":{"start":{"line":5,"column":25},"end":{"line":15,"column":2}},"locations":[{"start":{"line":5,"column":25},"end":{"line":15,"column":2}}]},"1":{"type":"branch","line":5,"loc":{"start":{"line":5,"column":79},"end":{"line":15,"column":2}},"locations":[{"start":{"line":5,"column":79},"end":{"line":15,"column":2}}]},"2":{"type":"branch","line":10,"loc":{"start":{"line":10,"column":19},"end":{"line":14,"column":16}},"locations":[{"start":{"line":10,"column":19},"end":{"line":14,"column":16}}]}},"b":{"0":[2],"1":[2],"2":[1]},"fnMap":{"0":{"name":"verifyPermission","decl":{"start":{"line":5,"column":25},"end":{"line":15,"column":2}},"loc":{"start":{"line":5,"column":25},"end":{"line":15,"column":2}},"line":5}},"f":{"0":2}}
,"/home/robson/Desktop/kenzie/q4-sprint2-kenzie-courses-RobsonMT/src/middlewares/verifyUserExists.middleware.ts": {"path":"/home/robson/Desktop/kenzie/q4-sprint2-kenzie-courses-RobsonMT/src/middlewares/verifyUserExists.middleware.ts","all":false,"statementMap":{"0":{"start":{"line":1,"column":0},"end":{"line":1,"column":58}},"1":{"start":{"line":2,"column":0},"end":{"line":2,"column":35}},"2":{"start":{"line":3,"column":0},"end":{"line":3,"column":48}},"3":{"start":{"line":4,"column":0},"end":{"line":4,"column":49}},"4":{"start":{"line":5,"column":0},"end":{"line":5,"column":0}},"5":{"start":{"line":6,"column":0},"end":{"line":6,"column":85}},"6":{"start":{"line":7,"column":0},"end":{"line":7,"column":1}},"7":{"start":{"line":8,"column":0},"end":{"line":8,"column":57}},"8":{"start":{"line":9,"column":0},"end":{"line":9,"column":41}},"9":{"start":{"line":10,"column":0},"end":{"line":10,"column":5}},"10":{"start":{"line":11,"column":0},"end":{"line":11,"column":0}},"11":{"start":{"line":12,"column":0},"end":{"line":12,"column":18}},"12":{"start":{"line":13,"column":0},"end":{"line":13,"column":64}},"13":{"start":{"line":14,"column":0},"end":{"line":14,"column":5}},"14":{"start":{"line":15,"column":0},"end":{"line":15,"column":2}},"15":{"start":{"line":16,"column":0},"end":{"line":16,"column":16}},"16":{"start":{"line":17,"column":0},"end":{"line":17,"column":2}},"17":{"start":{"line":18,"column":0},"end":{"line":18,"column":0}},"18":{"start":{"line":19,"column":0},"end":{"line":19,"column":31}}},"s":{"0":1,"1":1,"2":1,"3":1,"4":1,"5":1,"6":3,"7":3,"8":3,"9":3,"10":3,"11":3,"12":0,"13":0,"14":3,"15":3,"16":3,"17":1,"18":1},"branchMap":{"0":{"type":"branch","line":6,"loc":{"start":{"line":6,"column":25},"end":{"line":17,"column":2}},"locations":[{"start":{"line":6,"column":25},"end":{"line":17,"column":2}}]},"1":{"type":"branch","line":6,"loc":{"start":{"line":6,"column":79},"end":{"line":17,"column":2}},"locations":[{"start":{"line":6,"column":79},"end":{"line":17,"column":2}}]},"2":{"type":"branch","line":8,"loc":{"start":{"line":8,"column":26},"end":{"line":10,"column":5}},"locations":[{"start":{"line":8,"column":26},"end":{"line":10,"column":5}}]},"3":{"type":"branch","line":12,"loc":{"start":{"line":12,"column":17},"end":{"line":14,"column":5}},"locations":[{"start":{"line":12,"column":17},"end":{"line":14,"column":5}}]}},"b":{"0":[3],"1":[3],"2":[3],"3":[0]},"fnMap":{"0":{"name":"verifiUserExists","decl":{"start":{"line":6,"column":25},"end":{"line":17,"column":2}},"loc":{"start":{"line":6,"column":25},"end":{"line":17,"column":2}},"line":6}},"f":{"0":3}}
,"/home/robson/Desktop/kenzie/q4-sprint2-kenzie-courses-RobsonMT/src/middlewares/verifyUserExistsUpdate.middleware.ts": {"path":"/home/robson/Desktop/kenzie/q4-sprint2-kenzie-courses-RobsonMT/src/middlewares/verifyUserExistsUpdate.middleware.ts","all":false,"statementMap":{"0":{"start":{"line":1,"column":0},"end":{"line":1,"column":58}},"1":{"start":{"line":2,"column":0},"end":{"line":2,"column":35}},"2":{"start":{"line":3,"column":0},"end":{"line":3,"column":49}},"3":{"start":{"line":4,"column":0},"end":{"line":4,"column":48}},"4":{"start":{"line":5,"column":0},"end":{"line":5,"column":0}},"5":{"start":{"line":6,"column":0},"end":{"line":6,"column":91}},"6":{"start":{"line":7,"column":0},"end":{"line":7,"column":2}},"7":{"start":{"line":8,"column":0},"end":{"line":8,"column":47}},"8":{"start":{"line":9,"column":0},"end":{"line":9,"column":59}},"9":{"start":{"line":10,"column":0},"end":{"line":10,"column":43}},"10":{"start":{"line":11,"column":0},"end":{"line":11,"column":7}},"11":{"start":{"line":12,"column":0},"end":{"line":12,"column":2}},"12":{"start":{"line":13,"column":0},"end":{"line":13,"column":20}},"13":{"start":{"line":14,"column":0},"end":{"line":14,"column":65}},"14":{"start":{"line":15,"column":0},"end":{"line":15,"column":7}},"15":{"start":{"line":16,"column":0},"end":{"line":16,"column":3}},"16":{"start":{"line":17,"column":0},"end":{"line":17,"column":2}},"17":{"start":{"line":18,"column":0},"end":{"line":18,"column":16}},"18":{"start":{"line":19,"column":0},"end":{"line":19,"column":2}},"19":{"start":{"line":20,"column":0},"end":{"line":20,"column":0}},"20":{"start":{"line":21,"column":0},"end":{"line":21,"column":38}}},"s":{"0":1,"1":1,"2":1,"3":1,"4":1,"5":1,"6":0,"7":0,"8":0,"9":0,"10":0,"11":0,"12":0,"13":0,"14":0,"15":0,"16":0,"17":0,"18":0,"19":1,"20":1},"branchMap":{},"b":{},"fnMap":{"0":{"name":"verifiUserExistsUpdate","decl":{"start":{"line":6,"column":31},"end":{"line":19,"column":2}},"loc":{"start":{"line":6,"column":31},"end":{"line":19,"column":2}},"line":6}},"f":{"0":0}}
,"/home/robson/Desktop/kenzie/q4-sprint2-kenzie-courses-RobsonMT/src/repositories/course.repository.ts": {"path":"/home/robson/Desktop/kenzie/q4-sprint2-kenzie-courses-RobsonMT/src/repositories/course.repository.ts","all":false,"statementMap":{"0":{"start":{"line":1,"column":0},"end":{"line":1,"column":65}},"1":{"start":{"line":2,"column":0},"end":{"line":2,"column":43}},"2":{"start":{"line":3,"column":0},"end":{"line":3,"column":37}},"3":{"start":{"line":4,"column":0},"end":{"line":4,"column":0}},"4":{"start":{"line":5,"column":0},"end":{"line":5,"column":23}},"5":{"start":{"line":6,"column":0},"end":{"line":6,"column":53}},"6":{"start":{"line":7,"column":0},"end":{"line":7,"column":35}},"7":{"start":{"line":8,"column":0},"end":{"line":8,"column":49}},"8":{"start":{"line":9,"column":0},"end":{"line":9,"column":74}},"9":{"start":{"line":10,"column":0},"end":{"line":10,"column":48}},"10":{"start":{"line":11,"column":0},"end":{"line":11,"column":1}},"11":{"start":{"line":12,"column":0},"end":{"line":12,"column":0}},"12":{"start":{"line":13,"column":0},"end":{"line":13,"column":47}},"13":{"start":{"line":14,"column":0},"end":{"line":14,"column":41}},"14":{"start":{"line":15,"column":0},"end":{"line":15,"column":0}},"15":{"start":{"line":16,"column":0},"end":{"line":16,"column":17}},"16":{"start":{"line":17,"column":0},"end":{"line":17,"column":58}},"17":{"start":{"line":18,"column":0},"end":{"line":18,"column":3}},"18":{"start":{"line":19,"column":0},"end":{"line":19,"column":0}},"19":{"start":{"line":20,"column":0},"end":{"line":20,"column":51}},"20":{"start":{"line":21,"column":0},"end":{"line":21,"column":39}},"21":{"start":{"line":22,"column":0},"end":{"line":22,"column":0}},"22":{"start":{"line":23,"column":0},"end":{"line":23,"column":53}},"23":{"start":{"line":24,"column":0},"end":{"line":24,"column":0}},"24":{"start":{"line":25,"column":0},"end":{"line":25,"column":39}},"25":{"start":{"line":26,"column":0},"end":{"line":26,"column":52}},"26":{"start":{"line":27,"column":0},"end":{"line":27,"column":0}},"27":{"start":{"line":28,"column":0},"end":{"line":28,"column":18}},"28":{"start":{"line":29,"column":0},"end":{"line":29,"column":15}},"29":{"start":{"line":30,"column":0},"end":{"line":30,"column":28}},"30":{"start":{"line":31,"column":0},"end":{"line":31,"column":79}},"31":{"start":{"line":32,"column":0},"end":{"line":32,"column":0}},"32":{"start":{"line":33,"column":0},"end":{"line":33,"column":55}},"33":{"start":{"line":34,"column":0},"end":{"line":34,"column":37}},"34":{"start":{"line":35,"column":0},"end":{"line":35,"column":1}},"35":{"start":{"line":36,"column":0},"end":{"line":36,"column":0}},"36":{"start":{"line":37,"column":0},"end":{"line":37,"column":38}}},"s":{"0":1,"1":1,"2":1,"3":1,"4":1,"5":1,"6":1,"7":1,"8":1,"9":1,"10":1,"11":1,"12":3,"13":3,"14":3,"15":3,"16":3,"17":3,"18":3,"19":3,"20":0,"21":3,"22":3,"23":3,"24":3,"25":0,"26":3,"27":3,"28":0,"29":0,"30":0,"31":3,"32":3,"33":0,"34":3,"35":1,"36":1},"branchMap":{"0":{"type":"branch","line":13,"loc":{"start":{"line":13,"column":0},"end":{"line":35,"column":1}},"locations":[{"start":{"line":13,"column":0},"end":{"line":35,"column":1}}]},"1":{"type":"branch","line":16,"loc":{"start":{"line":16,"column":2},"end":{"line":18,"column":3}},"locations":[{"start":{"line":16,"column":2},"end":{"line":18,"column":3}}]}},"b":{"0":[3],"1":[3]},"fnMap":{"0":{"name":"CourseRepository","decl":{"start":{"line":16,"column":2},"end":{"line":18,"column":3}},"loc":{"start":{"line":16,"column":2},"end":{"line":18,"column":3}},"line":16},"1":{"name":"CourseRepository.save","decl":{"start":{"line":20,"column":9},"end":{"line":21,"column":39}},"loc":{"start":{"line":20,"column":9},"end":{"line":21,"column":39}},"line":20},"2":{"name":"CourseRepository.listAll","decl":{"start":{"line":23,"column":12},"end":{"line":23,"column":53}},"loc":{"start":{"line":23,"column":12},"end":{"line":23,"column":53}},"line":23},"3":{"name":"CourseRepository.retrieve","decl":{"start":{"line":25,"column":13},"end":{"line":26,"column":52}},"loc":{"start":{"line":25,"column":13},"end":{"line":26,"column":52}},"line":25},"4":{"name":"CourseRepository.update","decl":{"start":{"line":28,"column":11},"end":{"line":31,"column":79}},"loc":{"start":{"line":28,"column":11},"end":{"line":31,"column":79}},"line":28},"5":{"name":"CourseRepository.delete","decl":{"start":{"line":33,"column":11},"end":{"line":34,"column":37}},"loc":{"start":{"line":33,"column":11},"end":{"line":34,"column":37}},"line":33}},"f":{"0":3,"1":0,"2":0,"3":0,"4":0,"5":0}}
,"/home/robson/Desktop/kenzie/q4-sprint2-kenzie-courses-RobsonMT/src/repositories/index.ts": {"path":"/home/robson/Desktop/kenzie/q4-sprint2-kenzie-courses-RobsonMT/src/repositories/index.ts","all":false,"statementMap":{"0":{"start":{"line":1,"column":0},"end":{"line":1,"column":51}},"1":{"start":{"line":2,"column":0},"end":{"line":2,"column":47}},"2":{"start":{"line":3,"column":0},"end":{"line":3,"column":0}},"3":{"start":{"line":4,"column":0},"end":{"line":4,"column":44}}},"s":{"0":1,"1":1,"2":1,"3":1},"branchMap":{},"b":{},"fnMap":{},"f":{}}
,"/home/robson/Desktop/kenzie/q4-sprint2-kenzie-courses-RobsonMT/src/repositories/user.repository.ts": {"path":"/home/robson/Desktop/kenzie/q4-sprint2-kenzie-courses-RobsonMT/src/repositories/user.repository.ts","all":false,"statementMap":{"0":{"start":{"line":1,"column":0},"end":{"line":1,"column":51}},"1":{"start":{"line":2,"column":0},"end":{"line":2,"column":43}},"2":{"start":{"line":3,"column":0},"end":{"line":3,"column":35}},"3":{"start":{"line":4,"column":0},"end":{"line":4,"column":0}},"4":{"start":{"line":5,"column":0},"end":{"line":5,"column":21}},"5":{"start":{"line":6,"column":0},"end":{"line":6,"column":47}},"6":{"start":{"line":7,"column":0},"end":{"line":7,"column":33}},"7":{"start":{"line":8,"column":0},"end":{"line":8,"column":47}},"8":{"start":{"line":9,"column":0},"end":{"line":9,"column":72}},"9":{"start":{"line":10,"column":0},"end":{"line":10,"column":1}},"10":{"start":{"line":11,"column":0},"end":{"line":11,"column":0}},"11":{"start":{"line":12,"column":0},"end":{"line":12,"column":43}},"12":{"start":{"line":13,"column":0},"end":{"line":13,"column":37}},"13":{"start":{"line":14,"column":0},"end":{"line":14,"column":0}},"14":{"start":{"line":15,"column":0},"end":{"line":15,"column":17}},"15":{"start":{"line":16,"column":0},"end":{"line":16,"column":54}},"16":{"start":{"line":17,"column":0},"end":{"line":17,"column":3}},"17":{"start":{"line":18,"column":0},"end":{"line":18,"column":0}},"18":{"start":{"line":19,"column":0},"end":{"line":19,"column":77}},"19":{"start":{"line":20,"column":0},"end":{"line":20,"column":0}},"20":{"start":{"line":21,"column":0},"end":{"line":21,"column":51}},"21":{"start":{"line":22,"column":0},"end":{"line":22,"column":0}},"22":{"start":{"line":23,"column":0},"end":{"line":23,"column":39}},"23":{"start":{"line":24,"column":0},"end":{"line":24,"column":50}},"24":{"start":{"line":25,"column":0},"end":{"line":25,"column":0}},"25":{"start":{"line":26,"column":0},"end":{"line":26,"column":56}},"26":{"start":{"line":27,"column":0},"end":{"line":27,"column":51}},"27":{"start":{"line":28,"column":0},"end":{"line":28,"column":1}},"28":{"start":{"line":29,"column":0},"end":{"line":29,"column":0}},"29":{"start":{"line":30,"column":0},"end":{"line":30,"column":36}}},"s":{"0":1,"1":1,"2":1,"3":1,"4":1,"5":1,"6":1,"7":1,"8":1,"9":1,"10":1,"11":3,"12":3,"13":3,"14":3,"15":3,"16":3,"17":3,"18":3,"19":3,"20":3,"21":3,"22":3,"23":20,"24":3,"25":3,"26":0,"27":3,"28":1,"29":1},"branchMap":{"0":{"type":"branch","line":12,"loc":{"start":{"line":12,"column":0},"end":{"line":28,"column":1}},"locations":[{"start":{"line":12,"column":0},"end":{"line":28,"column":1}}]},"1":{"type":"branch","line":15,"loc":{"start":{"line":15,"column":2},"end":{"line":17,"column":3}},"locations":[{"start":{"line":15,"column":2},"end":{"line":17,"column":3}}]},"2":{"type":"branch","line":19,"loc":{"start":{"line":19,"column":9},"end":{"line":19,"column":77}},"locations":[{"start":{"line":19,"column":9},"end":{"line":19,"column":77}}]},"3":{"type":"branch","line":19,"loc":{"start":{"line":19,"column":26},"end":{"line":19,"column":77}},"locations":[{"start":{"line":19,"column":26},"end":{"line":19,"column":77}}]},"4":{"type":"branch","line":19,"loc":{"start":{"line":19,"column":26},"end":{"line":19,"column":77}},"locations":[{"start":{"line":19,"column":26},"end":{"line":19,"column":77}}]},"5":{"type":"branch","line":19,"loc":{"start":{"line":19,"column":46},"end":{"line":19,"column":77}},"locations":[{"start":{"line":19,"column":46},"end":{"line":19,"column":77}}]},"6":{"type":"branch","line":19,"loc":{"start":{"line":19,"column":46},"end":{"line":19,"column":77}},"locations":[{"start":{"line":19,"column":46},"end":{"line":19,"column":77}}]},"7":{"type":"branch","line":21,"loc":{"start":{"line":21,"column":12},"end":{"line":21,"column":51}},"locations":[{"start":{"line":21,"column":12},"end":{"line":21,"column":51}}]},"8":{"type":"branch","line":21,"loc":{"start":{"line":21,"column":12},"end":{"line":21,"column":51}},"locations":[{"start":{"line":21,"column":12},"end":{"line":21,"column":51}}]},"9":{"type":"branch","line":21,"loc":{"start":{"line":21,"column":12},"end":{"line":21,"column":51}},"locations":[{"start":{"line":21,"column":12},"end":{"line":21,"column":51}}]},"10":{"type":"branch","line":21,"loc":{"start":{"line":21,"column":24},"end":{"line":21,"column":51}},"locations":[{"start":{"line":21,"column":24},"end":{"line":21,"column":51}}]},"11":{"type":"branch","line":21,"loc":{"start":{"line":21,"column":24},"end":{"line":21,"column":51}},"locations":[{"start":{"line":21,"column":24},"end":{"line":21,"column":51}}]},"12":{"type":"branch","line":23,"loc":{"start":{"line":23,"column":13},"end":{"line":24,"column":50}},"locations":[{"start":{"line":23,"column":13},"end":{"line":24,"column":50}}]},"13":{"type":"branch","line":23,"loc":{"start":{"line":23,"column":35},"end":{"line":24,"column":50}},"locations":[{"start":{"line":23,"column":35},"end":{"line":24,"column":50}}]},"14":{"type":"branch","line":23,"loc":{"start":{"line":23,"column":35},"end":{"line":24,"column":50}},"locations":[{"start":{"line":23,"column":35},"end":{"line":24,"column":50}}]},"15":{"type":"branch","line":24,"loc":{"start":{"line":24,"column":4},"end":{"line":24,"column":50}},"locations":[{"start":{"line":24,"column":4},"end":{"line":24,"column":50}}]},"16":{"type":"branch","line":24,"loc":{"start":{"line":24,"column":4},"end":{"line":24,"column":50}},"locations":[{"start":{"line":24,"column":4},"end":{"line":24,"column":50}}]}},"b":{"0":[3],"1":[3],"2":[3],"3":[3],"4":[6],"5":[3],"6":[3],"7":[1],"8":[1],"9":[2],"10":[1],"11":[1],"12":[10],"13":[10],"14":[20],"15":[10],"16":[10]},"fnMap":{"0":{"name":"UserRepository","decl":{"start":{"line":15,"column":2},"end":{"line":17,"column":3}},"loc":{"start":{"line":15,"column":2},"end":{"line":17,"column":3}},"line":15},"1":{"name":"UserRepository.save","decl":{"start":{"line":19,"column":9},"end":{"line":19,"column":77}},"loc":{"start":{"line":19,"column":9},"end":{"line":19,"column":77}},"line":19},"2":{"name":"UserRepository.listAll","decl":{"start":{"line":21,"column":12},"end":{"line":21,"column":51}},"loc":{"start":{"line":21,"column":12},"end":{"line":21,"column":51}},"line":21},"3":{"name":"UserRepository.retrieve","decl":{"start":{"line":23,"column":13},"end":{"line":24,"column":50}},"loc":{"start":{"line":23,"column":13},"end":{"line":24,"column":50}},"line":23},"4":{"name":"UserRepository.update","decl":{"start":{"line":26,"column":11},"end":{"line":27,"column":51}},"loc":{"start":{"line":26,"column":11},"end":{"line":27,"column":51}},"line":26}},"f":{"0":3,"1":3,"2":1,"3":10,"4":0}}
,"/home/robson/Desktop/kenzie/q4-sprint2-kenzie-courses-RobsonMT/src/routes/course.route.ts": {"path":"/home/robson/Desktop/kenzie/q4-sprint2-kenzie-courses-RobsonMT/src/routes/course.route.ts","all":false,"statementMap":{"0":{"start":{"line":1,"column":0},"end":{"line":1,"column":33}},"1":{"start":{"line":2,"column":0},"end":{"line":2,"column":50}},"2":{"start":{"line":3,"column":0},"end":{"line":3,"column":8}},"3":{"start":{"line":4,"column":0},"end":{"line":4,"column":21}},"4":{"start":{"line":5,"column":0},"end":{"line":5,"column":17}},"5":{"start":{"line":6,"column":0},"end":{"line":6,"column":16}},"6":{"start":{"line":7,"column":0},"end":{"line":7,"column":19}},"7":{"start":{"line":8,"column":0},"end":{"line":8,"column":24}},"8":{"start":{"line":9,"column":0},"end":{"line":9,"column":62}},"9":{"start":{"line":10,"column":0},"end":{"line":10,"column":0}},"10":{"start":{"line":11,"column":0},"end":{"line":11,"column":30}},"11":{"start":{"line":12,"column":0},"end":{"line":12,"column":0}},"12":{"start":{"line":13,"column":0},"end":{"line":13,"column":70}},"13":{"start":{"line":14,"column":0},"end":{"line":14,"column":18}},"14":{"start":{"line":15,"column":0},"end":{"line":15,"column":13}},"15":{"start":{"line":16,"column":0},"end":{"line":16,"column":16}},"16":{"start":{"line":17,"column":0},"end":{"line":17,"column":19}},"17":{"start":{"line":18,"column":0},"end":{"line":18,"column":31}},"18":{"start":{"line":19,"column":0},"end":{"line":19,"column":31}},"19":{"start":{"line":20,"column":0},"end":{"line":20,"column":2}},"20":{"start":{"line":21,"column":0},"end":{"line":21,"column":19}},"21":{"start":{"line":22,"column":0},"end":{"line":22,"column":17}},"22":{"start":{"line":23,"column":0},"end":{"line":23,"column":16}},"23":{"start":{"line":24,"column":0},"end":{"line":24,"column":19}},"24":{"start":{"line":25,"column":0},"end":{"line":25,"column":37}},"25":{"start":{"line":26,"column":0},"end":{"line":26,"column":31}},"26":{"start":{"line":27,"column":0},"end":{"line":27,"column":2}},"27":{"start":{"line":28,"column":0},"end":{"line":28,"column":18}},"28":{"start":{"line":29,"column":0},"end":{"line":29,"column":23}},"29":{"start":{"line":30,"column":0},"end":{"line":30,"column":16}},"30":{"start":{"line":31,"column":0},"end":{"line":31,"column":21}},"31":{"start":{"line":32,"column":0},"end":{"line":32,"column":34}},"32":{"start":{"line":33,"column":0},"end":{"line":33,"column":2}},"33":{"start":{"line":34,"column":0},"end":{"line":34,"column":28}}},"s":{"0":1,"1":1,"2":1,"3":1,"4":1,"5":1,"6":1,"7":1,"8":1,"9":1,"10":1,"11":1,"12":1,"13":1,"14":1,"15":1,"16":1,"17":1,"18":1,"19":1,"20":1,"21":1,"22":1,"23":1,"24":1,"25":1,"26":1,"27":1,"28":1,"29":1,"30":1,"31":1,"32":1,"33":1},"branchMap":{},"b":{},"fnMap":{},"f":{}}
,"/home/robson/Desktop/kenzie/q4-sprint2-kenzie-courses-RobsonMT/src/routes/index.ts": {"path":"/home/robson/Desktop/kenzie/q4-sprint2-kenzie-courses-RobsonMT/src/routes/index.ts","all":false,"statementMap":{"0":{"start":{"line":1,"column":0},"end":{"line":1,"column":34}},"1":{"start":{"line":2,"column":0},"end":{"line":2,"column":42}},"2":{"start":{"line":3,"column":0},"end":{"line":3,"column":38}},"3":{"start":{"line":4,"column":0},"end":{"line":4,"column":0}},"4":{"start":{"line":5,"column":0},"end":{"line":5,"column":49}},"5":{"start":{"line":6,"column":0},"end":{"line":6,"column":0}},"6":{"start":{"line":7,"column":0},"end":{"line":7,"column":24}},"7":{"start":{"line":8,"column":0},"end":{"line":8,"column":26}},"8":{"start":{"line":9,"column":0},"end":{"line":9,"column":4}},"9":{"start":{"line":10,"column":0},"end":{"line":10,"column":2}},"10":{"start":{"line":11,"column":0},"end":{"line":11,"column":31}}},"s":{"0":1,"1":1,"2":1,"3":1,"4":1,"5":2,"6":2,"7":2,"8":2,"9":1,"10":1},"branchMap":{"0":{"type":"branch","line":5,"loc":{"start":{"line":5,"column":24},"end":{"line":9,"column":4}},"locations":[{"start":{"line":5,"column":24},"end":{"line":9,"column":4}}]}},"b":{"0":[2]},"fnMap":{"0":{"name":"registerRouters","decl":{"start":{"line":5,"column":24},"end":{"line":9,"column":4}},"loc":{"start":{"line":5,"column":24},"end":{"line":9,"column":4}},"line":5}},"f":{"0":2}}
,"/home/robson/Desktop/kenzie/q4-sprint2-kenzie-courses-RobsonMT/src/routes/user.route.ts": {"path":"/home/robson/Desktop/kenzie/q4-sprint2-kenzie-courses-RobsonMT/src/routes/user.route.ts","all":false,"statementMap":{"0":{"start":{"line":1,"column":0},"end":{"line":1,"column":33}},"1":{"start":{"line":2,"column":0},"end":{"line":2,"column":48}},"2":{"start":{"line":3,"column":0},"end":{"line":3,"column":8}},"3":{"start":{"line":4,"column":0},"end":{"line":4,"column":19}},"4":{"start":{"line":5,"column":0},"end":{"line":5,"column":17}},"5":{"start":{"line":6,"column":0},"end":{"line":6,"column":16}},"6":{"start":{"line":7,"column":0},"end":{"line":7,"column":19}},"7":{"start":{"line":8,"column":0},"end":{"line":8,"column":25}},"8":{"start":{"line":9,"column":0},"end":{"line":9,"column":14}},"9":{"start":{"line":10,"column":0},"end":{"line":10,"column":19}},"10":{"start":{"line":11,"column":0},"end":{"line":11,"column":24}},"11":{"start":{"line":12,"column":0},"end":{"line":12,"column":8}},"12":{"start":{"line":13,"column":0},"end":{"line":13,"column":18}},"13":{"start":{"line":14,"column":0},"end":{"line":14,"column":19}},"14":{"start":{"line":15,"column":0},"end":{"line":15,"column":19}},"15":{"start":{"line":16,"column":0},"end":{"line":16,"column":20}},"16":{"start":{"line":17,"column":0},"end":{"line":17,"column":0}},"17":{"start":{"line":18,"column":0},"end":{"line":18,"column":28}},"18":{"start":{"line":19,"column":0},"end":{"line":19,"column":0}},"19":{"start":{"line":20,"column":0},"end":{"line":20,"column":15}},"20":{"start":{"line":21,"column":0},"end":{"line":21,"column":11}},"21":{"start":{"line":22,"column":0},"end":{"line":22,"column":16}},"22":{"start":{"line":23,"column":0},"end":{"line":23,"column":19}},"23":{"start":{"line":24,"column":0},"end":{"line":24,"column":23}},"24":{"start":{"line":25,"column":0},"end":{"line":25,"column":2}},"25":{"start":{"line":26,"column":0},"end":{"line":26,"column":16}},"26":{"start":{"line":27,"column":0},"end":{"line":27,"column":11}},"27":{"start":{"line":28,"column":0},"end":{"line":28,"column":35}},"28":{"start":{"line":29,"column":0},"end":{"line":29,"column":19}},"29":{"start":{"line":30,"column":0},"end":{"line":30,"column":27}},"30":{"start":{"line":31,"column":0},"end":{"line":31,"column":2}},"31":{"start":{"line":32,"column":0},"end":{"line":32,"column":16}},"32":{"start":{"line":33,"column":0},"end":{"line":33,"column":11}},"33":{"start":{"line":34,"column":0},"end":{"line":34,"column":34}},"34":{"start":{"line":35,"column":0},"end":{"line":35,"column":26}},"35":{"start":{"line":36,"column":0},"end":{"line":36,"column":2}},"36":{"start":{"line":37,"column":0},"end":{"line":37,"column":15}},"37":{"start":{"line":38,"column":0},"end":{"line":38,"column":15}},"38":{"start":{"line":39,"column":0},"end":{"line":39,"column":16}},"39":{"start":{"line":40,"column":0},"end":{"line":40,"column":19}},"40":{"start":{"line":41,"column":0},"end":{"line":41,"column":14}},"41":{"start":{"line":42,"column":0},"end":{"line":42,"column":24}},"42":{"start":{"line":43,"column":0},"end":{"line":43,"column":2}},"43":{"start":{"line":44,"column":0},"end":{"line":44,"column":17}},"44":{"start":{"line":45,"column":0},"end":{"line":45,"column":15}},"45":{"start":{"line":46,"column":0},"end":{"line":46,"column":35}},"46":{"start":{"line":47,"column":0},"end":{"line":47,"column":25}},"47":{"start":{"line":48,"column":0},"end":{"line":48,"column":16}},"48":{"start":{"line":49,"column":0},"end":{"line":49,"column":19}},"49":{"start":{"line":50,"column":0},"end":{"line":50,"column":14}},"50":{"start":{"line":51,"column":0},"end":{"line":51,"column":23}},"51":{"start":{"line":52,"column":0},"end":{"line":52,"column":2}},"52":{"start":{"line":53,"column":0},"end":{"line":53,"column":0}},"53":{"start":{"line":54,"column":0},"end":{"line":54,"column":26}}},"s":{"0":1,"1":1,"2":1,"3":1,"4":1,"5":1,"6":1,"7":1,"8":1,"9":1,"10":1,"11":1,"12":1,"13":1,"14":1,"15":1,"16":1,"17":1,"18":1,"19":1,"20":1,"21":1,"22":1,"23":1,"24":1,"25":1,"26":1,"27":1,"28":1,"29":1,"30":1,"31":1,"32":1,"33":1,"34":1,"35":1,"36":1,"37":1,"38":1,"39":1,"40":1,"41":1,"42":1,"43":1,"44":1,"45":1,"46":1,"47":1,"48":1,"49":1,"50":1,"51":1,"52":1,"53":1},"branchMap":{},"b":{},"fnMap":{},"f":{}}
,"/home/robson/Desktop/kenzie/q4-sprint2-kenzie-courses-RobsonMT/src/schemas/index.ts": {"path":"/home/robson/Desktop/kenzie/q4-sprint2-kenzie-courses-RobsonMT/src/schemas/index.ts","all":false,"statementMap":{"0":{"start":{"line":1,"column":0},"end":{"line":1,"column":94}},"1":{"start":{"line":2,"column":0},"end":{"line":2,"column":78}},"2":{"start":{"line":3,"column":0},"end":{"line":3,"column":66}},"3":{"start":{"line":4,"column":0},"end":{"line":4,"column":99}},"4":{"start":{"line":5,"column":0},"end":{"line":5,"column":61}},"5":{"start":{"line":6,"column":0},"end":{"line":6,"column":49}},"6":{"start":{"line":7,"column":0},"end":{"line":7,"column":0}},"7":{"start":{"line":8,"column":0},"end":{"line":8,"column":8}},"8":{"start":{"line":9,"column":0},"end":{"line":9,"column":18}},"9":{"start":{"line":10,"column":0},"end":{"line":10,"column":34}},"10":{"start":{"line":11,"column":0},"end":{"line":11,"column":31}},"11":{"start":{"line":12,"column":0},"end":{"line":12,"column":15}},"12":{"start":{"line":13,"column":0},"end":{"line":13,"column":21}},"13":{"start":{"line":14,"column":0},"end":{"line":14,"column":25}},"14":{"start":{"line":15,"column":0},"end":{"line":15,"column":20}},"15":{"start":{"line":16,"column":0},"end":{"line":16,"column":30}},"16":{"start":{"line":17,"column":0},"end":{"line":17,"column":19}},"17":{"start":{"line":18,"column":0},"end":{"line":18,"column":28}},"18":{"start":{"line":19,"column":0},"end":{"line":19,"column":1}}},"s":{"0":1,"1":1,"2":1,"3":1,"4":1,"5":1,"6":1,"7":1,"8":1,"9":1,"10":1,"11":1,"12":1,"13":1,"14":1,"15":1,"16":1,"17":1,"18":1},"branchMap":{"0":{"type":"branch","line":12,"loc":{"start":{"line":12,"column":2},"end":{"line":12,"column":14}},"locations":[{"start":{"line":12,"column":2},"end":{"line":12,"column":14}}]},"1":{"type":"branch","line":13,"loc":{"start":{"line":13,"column":2},"end":{"line":13,"column":20}},"locations":[{"start":{"line":13,"column":2},"end":{"line":13,"column":20}}]},"2":{"type":"branch","line":15,"loc":{"start":{"line":15,"column":2},"end":{"line":15,"column":18}},"locations":[{"start":{"line":15,"column":2},"end":{"line":15,"column":18}}]},"3":{"type":"branch","line":16,"loc":{"start":{"line":16,"column":2},"end":{"line":16,"column":28}},"locations":[{"start":{"line":16,"column":2},"end":{"line":16,"column":28}}]},"4":{"type":"branch","line":17,"loc":{"start":{"line":17,"column":2},"end":{"line":17,"column":18}},"locations":[{"start":{"line":17,"column":2},"end":{"line":17,"column":18}}]}},"b":{"0":[2],"1":[2],"2":[2],"3":[3],"4":[2]},"fnMap":{"0":{"name":"get","decl":{"start":{"line":12,"column":2},"end":{"line":12,"column":14}},"loc":{"start":{"line":12,"column":2},"end":{"line":12,"column":14}},"line":12},"1":{"name":"get","decl":{"start":{"line":13,"column":2},"end":{"line":13,"column":20}},"loc":{"start":{"line":13,"column":2},"end":{"line":13,"column":20}},"line":13},"2":{"name":"get","decl":{"start":{"line":14,"column":2},"end":{"line":14,"column":24}},"loc":{"start":{"line":14,"column":2},"end":{"line":14,"column":24}},"line":14},"3":{"name":"get","decl":{"start":{"line":15,"column":2},"end":{"line":15,"column":18}},"loc":{"start":{"line":15,"column":2},"end":{"line":15,"column":18}},"line":15},"4":{"name":"get","decl":{"start":{"line":16,"column":2},"end":{"line":16,"column":28}},"loc":{"start":{"line":16,"column":2},"end":{"line":16,"column":28}},"line":16},"5":{"name":"get","decl":{"start":{"line":17,"column":2},"end":{"line":17,"column":18}},"loc":{"start":{"line":17,"column":2},"end":{"line":17,"column":18}},"line":17}},"f":{"0":2,"1":2,"2":0,"3":2,"4":3,"5":2}}
,"/home/robson/Desktop/kenzie/q4-sprint2-kenzie-courses-RobsonMT/src/schemas/courses/create.schema.ts": {"path":"/home/robson/Desktop/kenzie/q4-sprint2-kenzie-courses-RobsonMT/src/schemas/courses/create.schema.ts","all":false,"statementMap":{"0":{"start":{"line":1,"column":0},"end":{"line":1,"column":27}},"1":{"start":{"line":2,"column":0},"end":{"line":2,"column":0}},"2":{"start":{"line":3,"column":0},"end":{"line":3,"column":41}},"3":{"start":{"line":4,"column":0},"end":{"line":4,"column":38}},"4":{"start":{"line":5,"column":0},"end":{"line":5,"column":36}},"5":{"start":{"line":6,"column":0},"end":{"line":6,"column":3}},"6":{"start":{"line":7,"column":0},"end":{"line":7,"column":0}},"7":{"start":{"line":8,"column":0},"end":{"line":8,"column":47}},"8":{"start":{"line":9,"column":0},"end":{"line":9,"column":29}},"9":{"start":{"line":10,"column":0},"end":{"line":10,"column":27}},"10":{"start":{"line":11,"column":0},"end":{"line":11,"column":3}},"11":{"start":{"line":12,"column":0},"end":{"line":12,"column":0}},"12":{"start":{"line":13,"column":0},"end":{"line":13,"column":51}},"13":{"start":{"line":14,"column":0},"end":{"line":14,"column":37}},"14":{"start":{"line":15,"column":0},"end":{"line":15,"column":38}},"15":{"start":{"line":16,"column":0},"end":{"line":16,"column":36}},"16":{"start":{"line":17,"column":0},"end":{"line":17,"column":3}},"17":{"start":{"line":18,"column":0},"end":{"line":18,"column":0}},"18":{"start":{"line":19,"column":0},"end":{"line":19,"column":68}}},"s":{"0":1,"1":1,"2":1,"3":1,"4":1,"5":1,"6":1,"7":1,"8":1,"9":1,"10":1,"11":1,"12":1,"13":1,"14":1,"15":1,"16":1,"17":1,"18":1},"branchMap":{},"b":{},"fnMap":{},"f":{}}
,"/home/robson/Desktop/kenzie/q4-sprint2-kenzie-courses-RobsonMT/src/schemas/courses/getAll.Students.schema.ts": {"path":"/home/robson/Desktop/kenzie/q4-sprint2-kenzie-courses-RobsonMT/src/schemas/courses/getAll.Students.schema.ts","all":false,"statementMap":{"0":{"start":{"line":1,"column":0},"end":{"line":1,"column":27}},"1":{"start":{"line":2,"column":0},"end":{"line":2,"column":0}},"2":{"start":{"line":3,"column":0},"end":{"line":3,"column":43}},"3":{"start":{"line":4,"column":0},"end":{"line":4,"column":10}},"4":{"start":{"line":5,"column":0},"end":{"line":5,"column":6}},"5":{"start":{"line":6,"column":0},"end":{"line":6,"column":24}},"6":{"start":{"line":7,"column":0},"end":{"line":7,"column":41}},"7":{"start":{"line":8,"column":0},"end":{"line":8,"column":42}},"8":{"start":{"line":9,"column":0},"end":{"line":9,"column":40}},"9":{"start":{"line":10,"column":0},"end":{"line":10,"column":6}},"10":{"start":{"line":11,"column":0},"end":{"line":11,"column":3}},"11":{"start":{"line":12,"column":0},"end":{"line":12,"column":14}},"12":{"start":{"line":13,"column":0},"end":{"line":13,"column":0}},"13":{"start":{"line":14,"column":0},"end":{"line":14,"column":47}}},"s":{"0":1,"1":1,"2":1,"3":1,"4":1,"5":1,"6":1,"7":1,"8":1,"9":1,"10":1,"11":1,"12":1,"13":1},"branchMap":{},"b":{},"fnMap":{},"f":{}}
,"/home/robson/Desktop/kenzie/q4-sprint2-kenzie-courses-RobsonMT/src/schemas/courses/getAll.schema.ts": {"path":"/home/robson/Desktop/kenzie/q4-sprint2-kenzie-courses-RobsonMT/src/schemas/courses/getAll.schema.ts","all":false,"statementMap":{"0":{"start":{"line":1,"column":0},"end":{"line":1,"column":27}},"1":{"start":{"line":2,"column":0},"end":{"line":2,"column":0}},"2":{"start":{"line":3,"column":0},"end":{"line":3,"column":40}},"3":{"start":{"line":4,"column":0},"end":{"line":4,"column":10}},"4":{"start":{"line":5,"column":0},"end":{"line":5,"column":6}},"5":{"start":{"line":6,"column":0},"end":{"line":6,"column":24}},"6":{"start":{"line":7,"column":0},"end":{"line":7,"column":41}},"7":{"start":{"line":8,"column":0},"end":{"line":8,"column":42}},"8":{"start":{"line":9,"column":0},"end":{"line":9,"column":40}},"9":{"start":{"line":10,"column":0},"end":{"line":10,"column":34}},"10":{"start":{"line":11,"column":0},"end":{"line":11,"column":17}},"11":{"start":{"line":12,"column":0},"end":{"line":12,"column":16}},"12":{"start":{"line":13,"column":0},"end":{"line":13,"column":43}},"13":{"start":{"line":14,"column":0},"end":{"line":14,"column":43}},"14":{"start":{"line":15,"column":0},"end":{"line":15,"column":42}},"15":{"start":{"line":16,"column":0},"end":{"line":16,"column":47}},"16":{"start":{"line":17,"column":0},"end":{"line":17,"column":27}},"17":{"start":{"line":18,"column":0},"end":{"line":18,"column":6}},"18":{"start":{"line":19,"column":0},"end":{"line":19,"column":4}},"19":{"start":{"line":20,"column":0},"end":{"line":20,"column":0}},"20":{"start":{"line":21,"column":0},"end":{"line":21,"column":44}}},"s":{"0":1,"1":1,"2":1,"3":1,"4":1,"5":1,"6":1,"7":1,"8":1,"9":1,"10":1,"11":1,"12":1,"13":1,"14":1,"15":1,"16":1,"17":1,"18":1,"19":1,"20":1},"branchMap":{},"b":{},"fnMap":{},"f":{}}
[...]
,"column":22}},"35":{"start":{"line":36,"column":0},"end":{"line":36,"column":10}},"36":{"start":{"line":37,"column":0},"end":{"line":37,"column":8}},"37":{"start":{"line":38,"column":0},"end":{"line":38,"column":6}},"38":{"start":{"line":39,"column":0},"end":{"line":39,"column":0}},"39":{"start":{"line":40,"column":0},"end":{"line":40,"column":46}},"40":{"start":{"line":41,"column":0},"end":{"line":41,"column":16}},"41":{"start":{"line":42,"column":0},"end":{"line":42,"column":77}},"42":{"start":{"line":43,"column":0},"end":{"line":43,"column":7}},"43":{"start":{"line":44,"column":0},"end":{"line":44,"column":0}},"44":{"start":{"line":45,"column":0},"end":{"line":45,"column":16}},"45":{"start":{"line":46,"column":0},"end":{"line":46,"column":20}},"46":{"start":{"line":47,"column":0},"end":{"line":47,"column":66}},"47":{"start":{"line":48,"column":0},"end":{"line":48,"column":7}},"48":{"start":{"line":49,"column":0},"end":{"line":49,"column":4}},"49":{"start":{"line":50,"column":0},"end":{"line":50,"column":1}},"50":{"start":{"line":51,"column":0},"end":{"line":51,"column":0}},"51":{"start":{"line":52,"column":0},"end":{"line":52,"column":35}}},"s":{"0":1,"1":1,"2":1,"3":1,"4":1,"5":1,"6":1,"7":1,"8":2,"9":2,"10":0,"11":0,"12":0,"13":0,"14":0,"15":0,"16":0,"17":0,"18":0,"19":0,"20":0,"21":0,"22":0,"23":0,"24":0,"25":0,"26":0,"27":0,"28":0,"29":0,"30":0,"31":0,"32":0,"33":0,"34":0,"35":0,"36":0,"37":0,"38":0,"39":0,"40":0,"41":0,"42":0,"43":0,"44":0,"45":0,"46":0,"47":0,"48":2,"49":2,"50":1,"51":1},"branchMap":{"0":{"type":"branch","line":9,"loc":{"start":{"line":9,"column":0},"end":{"line":50,"column":1}},"locations":[{"start":{"line":9,"column":0},"end":{"line":50,"column":1}}]},"1":{"type":"branch","line":9,"loc":{"start":{"line":9,"column":0},"end":{"line":50,"column":1}},"locations":[{"start":{"line":9,"column":0},"end":{"line":50,"column":1}}]}},"b":{"0":[2],"1":[2]},"fnMap":{"0":{"name":"mailerService","decl":{"start":{"line":9,"column":0},"end":{"line":50,"column":1}},"loc":{"start":{"line":9,"column":0},"end":{"line":50,"column":1}},"line":9},"1":{"name":"welcomeEmail","decl":{"start":{"line":10,"column":17},"end":{"line":49,"column":3}},"loc":{"start":{"line":10,"column":17},"end":{"line":49,"column":3}},"line":10}},"f":{"0":2,"1":0}}
,"/home/robson/Desktop/kenzie/q4-sprint2-kenzie-courses-RobsonMT/src/services/user.service.ts": {"path":"/home/robson/Desktop/kenzie/q4-sprint2-kenzie-courses-RobsonMT/src/services/user.service.ts","all":false,"statementMap":{"0":{"start":{"line":1,"column":0},"end":{"line":1,"column":47}},"1":{"start":{"line":2,"column":0},"end":{"line":2,"column":49}},"2":{"start":{"line":3,"column":0},"end":{"line":3,"column":34}},"3":{"start":{"line":4,"column":0},"end":{"line":4,"column":31}},"4":{"start":{"line":5,"column":0},"end":{"line":5,"column":33}},"5":{"start":{"line":6,"column":0},"end":{"line":6,"column":48}},"6":{"start":{"line":7,"column":0},"end":{"line":7,"column":8}},"7":{"start":{"line":8,"column":0},"end":{"line":8,"column":29}},"8":{"start":{"line":9,"column":0},"end":{"line":9,"column":29}},"9":{"start":{"line":10,"column":0},"end":{"line":10,"column":20}},"10":{"start":{"line":11,"column":0},"end":{"line":11,"column":46}},"11":{"start":{"line":12,"column":0},"end":{"line":12,"column":0}},"12":{"start":{"line":13,"column":0},"end":{"line":13,"column":16}},"13":{"start":{"line":14,"column":0},"end":{"line":14,"column":0}},"14":{"start":{"line":15,"column":0},"end":{"line":15,"column":18}},"15":{"start":{"line":16,"column":0},"end":{"line":16,"column":17}},"16":{"start":{"line":17,"column":0},"end":{"line":17,"column":18}},"17":{"start":{"line":18,"column":0},"end":{"line":18,"column":1}},"18":{"start":{"line":19,"column":0},"end":{"line":19,"column":0}},"19":{"start":{"line":20,"column":0},"end":{"line":20,"column":19}},"20":{"start":{"line":21,"column":0},"end":{"line":21,"column":62}},"21":{"start":{"line":22,"column":0},"end":{"line":22,"column":54}},"22":{"start":{"line":23,"column":0},"end":{"line":23,"column":39}},"23":{"start":{"line":24,"column":0},"end":{"line":24,"column":7}},"24":{"start":{"line":25,"column":0},"end":{"line":25,"column":16}},"25":{"start":{"line":26,"column":0},"end":{"line":26,"column":14}},"26":{"start":{"line":27,"column":0},"end":{"line":27,"column":20}},"27":{"start":{"line":28,"column":0},"end":{"line":28,"column":52}},"28":{"start":{"line":29,"column":0},"end":{"line":29,"column":8}},"29":{"start":{"line":30,"column":0},"end":{"line":30,"column":5}},"30":{"start":{"line":31,"column":0},"end":{"line":31,"column":65}},"31":{"start":{"line":32,"column":0},"end":{"line":32,"column":14}},"32":{"start":{"line":33,"column":0},"end":{"line":33,"column":20}},"33":{"start":{"line":34,"column":0},"end":{"line":34,"column":52}},"34":{"start":{"line":35,"column":0},"end":{"line":35,"column":8}},"35":{"start":{"line":36,"column":0},"end":{"line":36,"column":5}},"36":{"start":{"line":37,"column":0},"end":{"line":37,"column":0}},"37":{"start":{"line":38,"column":0},"end":{"line":38,"column":79}},"38":{"start":{"line":39,"column":0},"end":{"line":39,"column":40}},"39":{"start":{"line":40,"column":0},"end":{"line":40,"column":7}},"40":{"start":{"line":41,"column":0},"end":{"line":41,"column":0}},"41":{"start":{"line":42,"column":0},"end":{"line":42,"column":12}},"42":{"start":{"line":43,"column":0},"end":{"line":43,"column":18}},"43":{"start":{"line":44,"column":0},"end":{"line":44,"column":25}},"44":{"start":{"line":45,"column":0},"end":{"line":45,"column":6}},"45":{"start":{"line":46,"column":0},"end":{"line":46,"column":4}},"46":{"start":{"line":47,"column":0},"end":{"line":47,"column":0}},"47":{"start":{"line":48,"column":0},"end":{"line":48,"column":74}},"48":{"start":{"line":49,"column":0},"end":{"line":49,"column":62}},"49":{"start":{"line":50,"column":0},"end":{"line":50,"column":71}},"50":{"start":{"line":51,"column":0},"end":{"line":51,"column":67}},"51":{"start":{"line":52,"column":0},"end":{"line":52,"column":25}},"52":{"start":{"line":53,"column":0},"end":{"line":53,"column":7}},"53":{"start":{"line":54,"column":0},"end":{"line":54,"column":4}},"54":{"start":{"line":55,"column":0},"end":{"line":55,"column":0}},"55":{"start":{"line":56,"column":0},"end":{"line":56,"column":70}},"56":{"start":{"line":57,"column":0},"end":{"line":57,"column":70}},"57":{"start":{"line":58,"column":0},"end":{"line":58,"column":66}},"58":{"start":{"line":59,"column":0},"end":{"line":59,"column":25}},"59":{"start":{"line":60,"column":0},"end":{"line":60,"column":7}},"60":{"start":{"line":61,"column":0},"end":{"line":61,"column":4}},"61":{"start":{"line":62,"column":0},"end":{"line":62,"column":0}},"62":{"start":{"line":63,"column":0},"end":{"line":63,"column":52}},"63":{"start":{"line":64,"column":0},"end":{"line":64,"column":49}},"64":{"start":{"line":65,"column":0},"end":{"line":65,"column":61}},"65":{"start":{"line":66,"column":0},"end":{"line":66,"column":25}},"66":{"start":{"line":67,"column":0},"end":{"line":67,"column":7}},"67":{"start":{"line":68,"column":0},"end":{"line":68,"column":4}},"68":{"start":{"line":69,"column":0},"end":{"line":69,"column":0}},"69":{"start":{"line":70,"column":0},"end":{"line":70,"column":80}},"70":{"start":{"line":71,"column":0},"end":{"line":71,"column":69}},"71":{"start":{"line":72,"column":0},"end":{"line":72,"column":71}},"72":{"start":{"line":73,"column":0},"end":{"line":73,"column":67}},"73":{"start":{"line":74,"column":0},"end":{"line":74,"column":25}},"74":{"start":{"line":75,"column":0},"end":{"line":75,"column":7}},"75":{"start":{"line":76,"column":0},"end":{"line":76,"column":4}},"76":{"start":{"line":77,"column":0},"end":{"line":77,"column":1}},"77":{"start":{"line":78,"column":0},"end":{"line":78,"column":0}},"78":{"start":{"line":79,"column":0},"end":{"line":79,"column":33}}},"s":{"0":1,"1":1,"2":1,"3":1,"4":1,"5":1,"6":1,"7":1,"8":1,"9":1,"10":1,"11":1,"12":1,"13":1,"14":1,"15":1,"16":1,"17":1,"18":1,"19":2,"20":2,"21":2,"22":2,"23":2,"24":2,"25":0,"26":0,"27":0,"28":0,"29":0,"30":2,"31":0,"32":0,"33":0,"34":0,"35":0,"36":2,"37":2,"38":2,"39":2,"40":2,"41":2,"42":2,"43":2,"44":2,"45":2,"46":2,"47":2,"48":3,"49":3,"50":3,"51":3,"52":3,"53":3,"54":2,"55":2,"56":0,"57":0,"58":0,"59":0,"60":0,"61":2,"62":2,"63":1,"64":1,"65":1,"66":1,"67":1,"68":2,"69":2,"70":0,"71":0,"72":0,"73":0,"74":0,"75":0,"76":2,"77":1,"78":1},"branchMap":{"0":{"type":"branch","line":20,"loc":{"start":{"line":20,"column":0},"end":{"line":77,"column":1}},"locations":[{"start":{"line":20,"column":0},"end":{"line":77,"column":1}}]},"1":{"type":"branch","line":20,"loc":{"start":{"line":20,"column":0},"end":{"line":77,"column":1}},"locations":[{"start":{"line":20,"column":0},"end":{"line":77,"column":1}}]},"2":{"type":"branch","line":21,"loc":{"start":{"line":21,"column":10},"end":{"line":46,"column":4}},"locations":[{"start":{"line":21,"column":10},"end":{"line":46,"column":4}}]},"3":{"type":"branch","line":22,"loc":{"start":{"line":22,"column":23},"end":{"line":24,"column":7}},"locations":[{"start":{"line":22,"column":23},"end":{"line":24,"column":7}}]},"4":{"type":"branch","line":25,"loc":{"start":{"line":25,"column":15},"end":{"line":30,"column":5}},"locations":[{"start":{"line":25,"column":15},"end":{"line":30,"column":5}}]},"5":{"type":"branch","line":31,"loc":{"start":{"line":31,"column":64},"end":{"line":36,"column":5}},"locations":[{"start":{"line":31,"column":64},"end":{"line":36,"column":5}}]},"6":{"type":"branch","line":48,"loc":{"start":{"line":48,"column":11},"end":{"line":54,"column":4}},"locations":[{"start":{"line":48,"column":11},"end":{"line":54,"column":4}}]},"7":{"type":"branch","line":49,"loc":{"start":{"line":49,"column":17},"end":{"line":49,"column":62}},"locations":[{"start":{"line":49,"column":17},"end":{"line":49,"column":62}}]},"8":{"type":"branch","line":51,"loc":{"start":{"line":51,"column":4},"end":{"line":53,"column":7}},"locations":[{"start":{"line":51,"column":4},"end":{"line":53,"column":7}}]},"9":{"type":"branch","line":63,"loc":{"start":{"line":63,"column":11},"end":{"line":68,"column":4}},"locations":[{"start":{"line":63,"column":11},"end":{"line":68,"column":4}}]},"10":{"type":"branch","line":63,"loc":{"start":{"line":63,"column":11},"end":{"line":68,"column":4}},"locations":[{"start":{"line":63,"column":11},"end":{"line":68,"column":4}}]},"11":{"type":"branch","line":64,"loc":{"start":{"line":64,"column":18},"end":{"line":64,"column":49}},"locations":[{"start":{"line":64,"column":18},"end":{"line":64,"column":49}}]},"12":{"type":"branch","line":65,"loc":{"start":{"line":65,"column":4},"end":{"line":67,"column":7}},"locations":[{"start":{"line":65,"column":4},"end":{"line":67,"column":7}}]}},"b":{"0":[2],"1":[2],"2":[2],"3":[2],"4":[0],"5":[0],"6":[3],"7":[3],"8":[3],"9":[1],"10":[1],"11":[1],"12":[1]},"fnMap":{"0":{"name":"UserService","decl":{"start":{"line":20,"column":0},"end":{"line":77,"column":1}},"loc":{"start":{"line":20,"column":0},"end":{"line":77,"column":1}},"line":20},"1":{"name":"UserService.login","decl":{"start":{"line":21,"column":10},"end":{"line":46,"column":4}},"loc":{"start":{"line":21,"column":10},"end":{"line":46,"column":4}},"line":21},"2":{"name":"UserService.create","decl":{"start":{"line":48,"column":11},"end":{"line":54,"column":4}},"loc":{"start":{"line":48,"column":11},"end":{"line":54,"column":4}},"line":48},"3":{"name":"UserService.getById","decl":{"start":{"line":56,"column":12},"end":{"line":61,"column":4}},"loc":{"start":{"line":56,"column":12},"end":{"line":61,"column":4}},"line":56},"4":{"name":"UserService.getAll","decl":{"start":{"line":63,"column":11},"end":{"line":68,"column":4}},"loc":{"start":{"line":63,"column":11},"end":{"line":68,"column":4}},"line":63},"5":{"name":"UserService.update","decl":{"start":{"line":70,"column":11},"end":{"line":76,"column":4}},"loc":{"start":{"line":70,"column":11},"end":{"line":76,"column":4}},"line":70}},"f":{"0":2,"1":2,"2":3,"3":0,"4":1,"5":0}}
,"/home/robson/Desktop/kenzie/q4-sprint2-kenzie-courses-RobsonMT/src/test/index.ts": {"path":"/home/robson/Desktop/kenzie/q4-sprint2-kenzie-courses-RobsonMT/src/test/index.ts","all":false,"statementMap":{"0":{"start":{"line":1,"column":0},"end":{"line":1,"column":43}},"1":{"start":{"line":2,"column":0},"end":{"line":2,"column":40}},"2":{"start":{"line":3,"column":0},"end":{"line":3,"column":32}},"3":{"start":{"line":4,"column":0},"end":{"line":4,"column":24}},"4":{"start":{"line":5,"column":0},"end":{"line":5,"column":37}},"5":{"start":{"line":6,"column":0},"end":{"line":6,"column":35}},"6":{"start":{"line":7,"column":0},"end":{"line":7,"column":37}},"7":{"start":{"line":8,"column":0},"end":{"line":8,"column":0}},"8":{"start":{"line":9,"column":0},"end":{"line":9,"column":43}},"9":{"start":{"line":10,"column":0},"end":{"line":10,"column":57}},"10":{"start":{"line":11,"column":0},"end":{"line":11,"column":55}},"11":{"start":{"line":12,"column":0},"end":{"line":12,"column":62}},"12":{"start":{"line":13,"column":0},"end":{"line":13,"column":45}},"13":{"start":{"line":14,"column":0},"end":{"line":14,"column":21}},"14":{"start":{"line":15,"column":0},"end":{"line":15,"column":0}},"15":{"start":{"line":16,"column":0},"end":{"line":16,"column":57}},"16":{"start":{"line":17,"column":0},"end":{"line":17,"column":2}},"17":{"start":{"line":18,"column":0},"end":{"line":18,"column":0}},"18":{"start":{"line":19,"column":0},"end":{"line":19,"column":18}},"19":{"start":{"line":20,"column":0},"end":{"line":20,"column":17}},"20":{"start":{"line":21,"column":0},"end":{"line":21,"column":36}},"21":{"start":{"line":22,"column":0},"end":{"line":22,"column":0}},"22":{"start":{"line":23,"column":0},"end":{"line":23,"column":17}},"23":{"start":{"line":24,"column":0},"end":{"line":24,"column":62}},"24":{"start":{"line":25,"column":0},"end":{"line":25,"column":3}},"25":{"start":{"line":26,"column":0},"end":{"line":26,"column":0}},"26":{"start":{"line":27,"column":0},"end":{"line":27,"column":24}},"27":{"start":{"line":28,"column":0},"end":{"line":28,"column":34}},"28":{"start":{"line":29,"column":0},"end":{"line":29,"column":32}},"29":{"start":{"line":30,"column":0},"end":{"line":30,"column":5}},"30":{"start":{"line":31,"column":0},"end":{"line":31,"column":0}},"31":{"start":{"line":32,"column":0},"end":{"line":32,"column":51}},"32":{"start":{"line":33,"column":0},"end":{"line":33,"column":4}},"33":{"start":{"line":34,"column":0},"end":{"line":34,"column":0}},"34":{"start":{"line":35,"column":0},"end":{"line":35,"column":23}},"35":{"start":{"line":36,"column":0},"end":{"line":36,"column":47}},"36":{"start":{"line":37,"column":0},"end":{"line":37,"column":31}},"37":{"start":{"line":38,"column":0},"end":{"line":38,"column":0}},"38":{"start":{"line":39,"column":0},"end":{"line":39,"column":34}},"39":{"start":{"line":40,"column":0},"end":{"line":40,"column":32}},"40":{"start":{"line":41,"column":0},"end":{"line":41,"column":5}},"41":{"start":{"line":42,"column":0},"end":{"line":42,"column":4}},"42":{"start":{"line":43,"column":0},"end":{"line":43,"column":0}},"43":{"start":{"line":44,"column":0},"end":{"line":44,"column":23}},"44":{"start":{"line":45,"column":0},"end":{"line":45,"column":47}},"45":{"start":{"line":46,"column":0},"end":{"line":46,"column":48}},"46":{"start":{"line":47,"column":0},"end":{"line":47,"column":0}},"47":{"start":{"line":48,"column":0},"end":{"line":48,"column":40}},"48":{"start":{"line":49,"column":0},"end":{"line":49,"column":63}},"49":{"start":{"line":50,"column":0},"end":{"line":50,"column":64}},"50":{"start":{"line":51,"column":0},"end":{"line":51,"column":7}},"51":{"start":{"line":52,"column":0},"end":{"line":52,"column":4}},"52":{"start":{"line":53,"column":0},"end":{"line":53,"column":1}},"53":{"start":{"line":54,"column":0},"end":{"line":54,"column":0}},"54":{"start":{"line":55,"column":0},"end":{"line":55,"column":36}}},"s":{"0":1,"1":1,"2":1,"3":1,"4":1,"5":1,"6":1,"7":1,"8":1,"9":4,"10":4,"11":4,"12":4,"13":4,"14":4,"15":4,"16":4,"17":1,"18":2,"19":2,"20":2,"21":2,"22":2,"23":2,"24":2,"25":2,"26":2,"27":2,"28":0,"29":2,"30":2,"31":2,"32":2,"33":2,"34":2,"35":2,"36":2,"37":2,"38":2,"39":0,"40":2,"41":2,"42":2,"43":2,"44":6,"45":6,"46":6,"47":6,"48":18,"49":18,"50":6,"51":6,"52":2,"53":1,"54":1},"branchMap":{"0":{"type":"branch","line":9,"loc":{"start":{"line":9,"column":21},"end":{"line":17,"column":2}},"locations":[{"start":{"line":9,"column":21},"end":{"line":17,"column":2}}]},"1":{"type":"branch","line":19,"loc":{"start":{"line":19,"column":0},"end":{"line":53,"column":1}},"locations":[{"start":{"line":19,"column":0},"end":{"line":53,"column":1}}]},"2":{"type":"branch","line":23,"loc":{"start":{"line":23,"column":2},"end":{"line":25,"column":3}},"locations":[{"start":{"line":23,"column":2},"end":{"line":25,"column":3}}]},"3":{"type":"branch","line":27,"loc":{"start":{"line":27,"column":11},"end":{"line":33,"column":4}},"locations":[{"start":{"line":27,"column":11},"end":{"line":33,"column":4}}]},"4":{"type":"branch","line":27,"loc":{"start":{"line":27,"column":11},"end":{"line":33,"column":4}},"locations":[{"start":{"line":27,"column":11},"end":{"line":33,"column":4}}]},"5":{"type":"branch","line":28,"loc":{"start":{"line":28,"column":31},"end":{"line":29,"column":32}},"locations":[{"start":{"line":28,"column":31},"end":{"line":29,"column":32}}]},"6":{"type":"branch","line":35,"loc":{"start":{"line":35,"column":10},"end":{"line":42,"column":4}},"locations":[{"start":{"line":35,"column":10},"end":{"line":42,"column":4}}]},"7":{"type":"branch","line":35,"loc":{"start":{"line":35,"column":10},"end":{"line":42,"column":4}},"locations":[{"start":{"line":35,"column":10},"end":{"line":42,"column":4}}]},"8":{"type":"branch","line":36,"loc":{"start":{"line":36,"column":23},"end":{"line":36,"column":47}},"locations":[{"start":{"line":36,"column":23},"end":{"line":36,"column":47}}]},"9":{"type":"branch","line":39,"loc":{"start":{"line":39,"column":31},"end":{"line":40,"column":32}},"locations":[{"start":{"line":39,"column":31},"end":{"line":40,"column":32}}]},"10":{"type":"branch","line":44,"loc":{"start":{"line":44,"column":10},"end":{"line":52,"column":4}},"locations":[{"start":{"line":44,"column":10},"end":{"line":52,"column":4}}]},"11":{"type":"branch","line":44,"loc":{"start":{"line":44,"column":10},"end":{"line":52,"column":4}},"locations":[{"start":{"line":44,"column":10},"end":{"line":52,"column":4}}]},"12":{"type":"branch","line":45,"loc":{"start":{"line":45,"column":23},"end":{"line":45,"column":47}},"locations":[{"start":{"line":45,"column":23},"end":{"line":45,"column":47}}]},"13":{"type":"branch","line":48,"loc":{"start":{"line":48,"column":21},"end":{"line":51,"column":6}},"locations":[{"start":{"line":48,"column":21},"end":{"line":51,"column":6}}]},"14":{"type":"branch","line":48,"loc":{"start":{"line":48,"column":34},"end":{"line":51,"column":6}},"locations":[{"start":{"line":48,"column":34},"end":{"line":51,"column":6}}]}},"b":{"0":[4],"1":[2],"2":[2],"3":[2],"4":[2],"5":[0],"6":[2],"7":[2],"8":[2],"9":[0],"10":[6],"11":[6],"12":[6],"13":[18],"14":[18]},"fnMap":{"0":{"name":"generateUser","decl":{"start":{"line":9,"column":21},"end":{"line":17,"column":2}},"loc":{"start":{"line":9,"column":21},"end":{"line":17,"column":2}},"line":9},"1":{"name":"Connection","decl":{"start":{"line":23,"column":2},"end":{"line":25,"column":3}},"loc":{"start":{"line":23,"column":2},"end":{"line":25,"column":3}},"line":23},"2":{"name":"Connection.create","decl":{"start":{"line":27,"column":11},"end":{"line":33,"column":4}},"loc":{"start":{"line":27,"column":11},"end":{"line":33,"column":4}},"line":27},"3":{"name":"Connection.close","decl":{"start":{"line":35,"column":10},"end":{"line":42,"column":4}},"loc":{"start":{"line":35,"column":10},"end":{"line":42,"column":4}},"line":35},"4":{"name":"Connection.clear","decl":{"start":{"line":44,"column":10},"end":{"line":52,"column":4}},"loc":{"start":{"line":44,"column":10},"end":{"line":52,"column":4}},"line":44}},"f":{"0":4,"1":2,"2":2,"3":2,"4":6}}
}
