TN:
SF:src/app.ts
FNF:0
FNH:0
DA:1,1
DA:2,1
DA:3,1
DA:4,1
DA:5,1
DA:6,1
DA:7,1
DA:8,1
DA:9,1
DA:10,1
DA:11,1
DA:12,1
DA:13,1
DA:14,1
DA:15,1
LF:15
LH:15
BRDA:11,0,0,1
BRF:1
BRH:1
end_of_record
TN:
SF:src/data-source.ts
FNF:0
FNH:0
DA:1,1
DA:2,1
DA:3,1
DA:4,1
DA:5,1
DA:6,1
DA:7,1
DA:8,1
DA:9,1
DA:10,1
DA:11,1
DA:12,1
DA:13,1
DA:14,1
DA:15,1
DA:16,1
DA:17,1
DA:18,1
DA:19,1
DA:20,1
DA:21,1
DA:22,1
LF:22
LH:22
BRDA:22,0,0,0
BRF:1
BRH:0
end_of_record
TN:
SF:src/config/mailer.config.ts
FNF:0
FNH:0
DA:1,1
DA:2,1
DA:3,1
DA:4,1
DA:5,1
DA:6,1
DA:7,1
DA:8,1
DA:9,1
DA:10,1
DA:11,1
DA:12,1
DA:13,1
DA:14,1
DA:15,1
LF:15
LH:15
BRF:0
BRH:0
end_of_record
TN:
SF:src/controllers/course.controller.ts
FN:5,CourseController
FN:6,CourseController.createCourse
FN:11,CourseController.readAll
FN:16,CourseController.updateCourse
FN:21,CourseController.registerStudent
FNF:5
FNH:1
FNDA:2,CourseController
FNDA:0,CourseController.createCourse
FNDA:0,CourseController.readAll
FNDA:0,CourseController.updateCourse
FNDA:0,CourseController.registerStudent
DA:1,1
DA:2,1
DA:3,1
DA:4,1
DA:5,2
DA:6,2
DA:7,0
DA:8,0
DA:9,0
DA:10,2
DA:11,2
DA:12,0
DA:13,0
DA:14,0
DA:15,2
DA:16,2
DA:17,0
DA:18,0
DA:19,0
DA:20,2
DA:21,2
DA:22,0
DA:23,0
DA:24,0
DA:25,2
DA:26,1
DA:27,1
LF:27
LH:15
BRDA:5,0,0,2
BRDA:5,1,0,2
BRF:2
BRH:2
end_of_record
TN:
SF:src/controllers/index.ts
FNF:0
FNH:0
DA:1,1
DA:2,1
DA:3,1
DA:4,1
LF:4
LH:4
BRF:0
BRH:0
end_of_record
TN:
SF:src/controllers/user.controller.ts
FN:4,UserController
FN:5,UserController.loginUser
FN:10,UserController.createUser
FN:15,UserController.getById
FN:20,UserController.getAll
FN:25,UserController.update
FNF:6
FNH:4
FNDA:2,UserController
FNDA:2,UserController.loginUser
FNDA:3,UserController.createUser
FNDA:0,UserController.getById
FNDA:1,UserController.getAll
FNDA:0,UserController.update
DA:1,1
DA:2,1
DA:3,1
DA:4,2
DA:5,2
DA:6,2
DA:7,2
DA:8,2
DA:9,2
DA:10,2
DA:11,3
DA:12,3
DA:13,3
DA:14,2
DA:15,2
DA:16,0
DA:17,0
DA:18,0
DA:19,2
DA:20,2
DA:21,1
DA:22,1
DA:23,1
DA:24,2
DA:25,2
DA:26,0
DA:27,0
DA:28,0
DA:29,2
DA:30,1
DA:31,1
LF:31
LH:25
BRDA:4,0,0,2
BRDA:4,1,0,2
BRDA:5,2,0,2
BRDA:5,3,0,2
BRDA:6,4,0,2
BRDA:10,5,0,3
BRDA:10,6,0,3
BRDA:11,7,0,3
BRDA:20,8,0,1
BRDA:20,9,0,1
BRDA:21,10,0,1
BRF:11
BRH:11
end_of_record
TN:
SF:src/entities/Course.entity.ts
FN:5,Course
FN:15,Object.<anonymous>.__decorate.lazy
FN:15,Object.<anonymous>.__decorate.lazy
FNF:3
FNH:3
FNDA:11,Course
FNDA:2,Object.<anonymous>.__decorate.lazy
FNDA:2,Object.<anonymous>.__decorate.lazy
DA:1,1
DA:2,1
DA:3,1
DA:4,1
DA:5,11
DA:6,11
DA:7,11
DA:8,11
DA:9,11
DA:10,11
DA:11,11
DA:12,11
DA:13,11
DA:14,11
DA:15,11
DA:16,11
DA:17,11
DA:18,11
LF:18
LH:18
BRDA:5,0,0,3
BRDA:5,1,0,11
BRDA:15,2,0,2
BRDA:15,3,0,2
BRF:4
BRH:4
end_of_record
TN:
SF:src/entities/User.entity.ts
FN:14,User
FN:42,User.comparePwd
FN:39,Object.<anonymous>.__decorate.eager
FN:39,Object.<anonymous>.__decorate.eager
FNF:4
FNH:4
FNDA:11,User
FNDA:2,User.comparePwd
FNDA:2,Object.<anonymous>.__decorate.eager
FNDA:2,Object.<anonymous>.__decorate.eager
DA:1,1
DA:2,1
DA:3,1
DA:4,1
DA:5,1
DA:6,1
DA:7,1
DA:8,1
DA:9,1
DA:10,1
DA:11,1
DA:12,1
DA:13,1
DA:14,11
DA:15,11
DA:16,11
DA:17,11
DA:18,11
DA:19,11
DA:20,11
DA:21,11
DA:22,11
DA:23,11
DA:24,11
DA:25,11
DA:26,11
DA:27,11
DA:28,11
DA:29,11
DA:30,11
DA:31,11
DA:32,11
DA:33,11
DA:34,11
DA:35,11
DA:36,11
DA:37,11
DA:38,11
DA:39,11
DA:40,11
DA:41,11
DA:42,11
DA:43,2
DA:44,2
DA:45,11
LF:45
LH:45
BRDA:14,0,0,3
BRDA:14,1,0,11
BRDA:42,2,0,2
BRDA:42,3,0,2
BRDA:43,4,0,2
BRDA:43,5,0,2
BRDA:39,6,0,2
BRDA:39,7,0,2
BRF:8
BRH:8
end_of_record
TN:
SF:src/entities/index.ts
FN:4,get
FN:4,get
FNF:2
FNH:2
FNDA:5,get
FNDA:5,get
DA:1,1
DA:2,1
DA:3,1
DA:4,1
LF:4
LH:4
BRDA:4,0,0,5
BRDA:4,1,0,5
BRF:2
BRH:2
end_of_record
TN:
SF:src/errors/errors.ts
FN:9,ErrorHandler
FN:15,errorHandler
FNF:2
FNH:2
FNDA:3,ErrorHandler
FNDA:1,errorHandler
DA:1,1
DA:2,1
DA:3,1
DA:4,1
DA:5,3
DA:6,3
DA:7,3
DA:8,3
DA:9,3
DA:10,3
DA:11,3
DA:12,3
DA:13,3
DA:14,1
DA:15,1
DA:16,1
DA:17,1
DA:18,1
DA:19,0
DA:20,0
DA:21,0
DA:22,0
DA:23,0
DA:24,1
DA:25,1
LF:25
LH:20
BRDA:5,0,0,3
BRDA:9,1,0,3
BRDA:15,2,0,1
BRDA:19,3,0,0
BRF:4
BRH:3
end_of_record
TN:
SF:src/middlewares/getCourseByIdOr404.middleware.ts
FN:5,getCourseByIdOr404
FNF:1
FNH:0
FNDA:0,getCourseByIdOr404
DA:1,1
DA:2,1
DA:3,1
DA:4,1
DA:5,1
DA:6,0
DA:7,0
DA:8,0
DA:9,0
DA:10,0
DA:11,0
DA:12,0
DA:13,0
DA:14,0
DA:15,0
DA:16,0
DA:17,0
DA:18,0
DA:19,0
DA:20,0
DA:21,0
DA:22,1
DA:23,1
LF:23
LH:7
BRF:0
BRH:0
end_of_record
TN:
SF:src/middlewares/getUserByIdOr404.middleware.ts
FN:5,getUserByIdOr404
FNF:1
FNH:0
FNDA:0,getUserByIdOr404
DA:1,1
DA:2,1
DA:3,1
DA:4,1
DA:5,1
DA:6,0
DA:7,0
DA:8,0
DA:9,0
DA:10,0
DA:11,0
DA:12,0
DA:13,0
DA:14,0
DA:15,0
DA:16,0
DA:17,0
DA:18,1
DA:19,1
LF:19
LH:7
BRF:0
BRH:0
end_of_record
TN:
SF:src/middlewares/index.ts
FNF:0
FNH:0
DA:1,1
DA:2,1
DA:3,1
DA:4,1
DA:5,1
DA:6,1
DA:7,1
DA:8,1
DA:9,1
DA:10,1
DA:11,1
DA:12,1
DA:13,1
DA:14,1
DA:15,1
DA:16,1
DA:17,1
DA:18,1
DA:19,1
LF:19
LH:19
BRF:0
BRH:0
end_of_record
TN:
SF:src/middlewares/validateSchema.middleware.ts
FN:5,validateSchema
FNF:1
FNH:1
FNDA:10,validateSchema
DA:1,1
DA:2,1
DA:3,1
DA:4,1
DA:5,1
DA:6,10
DA:7,6
DA:8,6
DA:9,6
DA:10,6
DA:11,6
DA:12,6
DA:13,6
DA:14,6
DA:15,6
DA:16,6
DA:17,6
DA:18,6
DA:19,6
DA:20,1
DA:21,1
LF:21
LH:21
BRDA:5,0,0,10
BRDA:6,1,0,6
BRDA:6,2,0,6
BRF:3
BRH:3
end_of_record
TN:
SF:src/middlewares/validateToken.middleware.ts
FN:9,validateToken
FNF:1
FNH:1
FNDA:5,validateToken
DA:1,1
DA:2,1
DA:3,1
DA:4,1
DA:5,1
DA:6,1
DA:7,1
DA:8,1
DA:9,1
DA:10,5
DA:11,5
DA:12,5
DA:13,1
DA:14,1
DA:15,4
DA:16,4
DA:17,4
DA:18,4
DA:19,4
DA:20,4
DA:21,1
DA:22,1
DA:23,3
DA:24,3
DA:25,3
DA:26,3
DA:27,3
DA:28,4
DA:29,4
DA:30,1
DA:31,1
LF:31
LH:31
BRDA:9,0,0,5
BRDA:10,1,0,1
BRDA:10,2,0,4
BRDA:12,3,0,1
BRDA:15,4,0,4
BRDA:19,5,0,4
BRDA:20,6,0,3
BRDA:20,7,0,1
BRF:8
BRH:8
end_of_record
TN:
SF:src/middlewares/verifyAdmin.middleware.ts
FN:5,verifyAdmin
FNF:1
FNH:0
FNDA:0,verifyAdmin
DA:1,1
DA:2,1
DA:3,1
DA:4,1
DA:5,1
DA:6,0
DA:7,0
DA:8,0
DA:9,0
DA:10,0
DA:11,0
DA:12,0
DA:13,0
DA:14,0
DA:15,0
DA:16,0
DA:17,0
DA:18,0
DA:19,0
DA:20,0
DA:21,0
DA:22,1
DA:23,1
LF:23
LH:7
BRF:0
BRH:0
end_of_record
TN:
SF:src/middlewares/verifyPermission.middleware.ts
FN:5,verifyPermission
FNF:1
FNH:1
FNDA:2,verifyPermission
DA:1,1
DA:2,1
DA:3,1
DA:4,1
DA:5,1
DA:6,2
DA:7,2
DA:8,2
DA:9,2
DA:10,2
DA:11,1
DA:12,1
DA:13,1
DA:14,1
DA:15,2
DA:16,1
DA:17,1
LF:17
LH:17
BRDA:5,0,0,2
BRDA:5,1,0,2
BRDA:10,2,0,1
BRF:3
BRH:3
end_of_record
TN:
SF:src/middlewares/verifyUserExists.middleware.ts
FN:6,verifiUserExists
FNF:1
FNH:1
FNDA:3,verifiUserExists
DA:1,1
DA:2,1
DA:3,1
DA:4,1
DA:5,1
DA:6,1
DA:7,3
DA:8,3
DA:9,3
DA:10,3
DA:11,3
DA:12,3
DA:13,0
DA:14,0
DA:15,3
DA:16,3
DA:17,3
DA:18,1
DA:19,1
LF:19
LH:17
BRDA:6,0,0,3
BRDA:6,1,0,3
BRDA:8,2,0,3
BRDA:12,3,0,0
BRF:4
BRH:3
end_of_record
TN:
SF:src/middlewares/verifyUserExistsUpdate.middleware.ts
FN:6,verifiUserExistsUpdate
FNF:1
FNH:0
FNDA:0,verifiUserExistsUpdate
DA:1,1
DA:2,1
DA:3,1
DA:4,1
DA:5,1
DA:6,1
DA:7,0
DA:8,0
DA:9,0
DA:10,0
DA:11,0
DA:12,0
DA:13,0
DA:14,0
DA:15,0
DA:16,0
DA:17,0
DA:18,0
DA:19,0
DA:20,1
DA:21,1
LF:21
LH:8
BRF:0
BRH:0
end_of_record
TN:
SF:src/repositories/course.repository.ts
FN:16,CourseRepository
FN:20,CourseRepository.save
FN:23,CourseRepository.listAll
FN:25,CourseRepository.retrieve
FN:28,CourseRepository.update
FN:33,CourseRepository.delete
FNF:6
FNH:1
FNDA:3,CourseRepository
FNDA:0,CourseRepository.save
FNDA:0,CourseRepository.listAll
FNDA:0,CourseRepository.retrieve
FNDA:0,CourseRepository.update
FNDA:0,CourseRepository.delete
DA:1,1
DA:2,1
DA:3,1
DA:4,1
DA:5,1
DA:6,1
DA:7,1
DA:8,1
DA:9,1
DA:10,1
DA:11,1
DA:12,1
DA:13,3
DA:14,3
DA:15,3
DA:16,3
DA:17,3
DA:18,3
DA:19,3
DA:20,3
DA:21,0
DA:22,3
DA:23,3
DA:24,3
DA:25,3
DA:26,0
DA:27,3
DA:28,3
DA:29,0
DA:30,0
DA:31,0
DA:32,3
DA:33,3
DA:34,0
DA:35,3
DA:36,1
DA:37,1
LF:37
LH:31
BRDA:13,0,0,3
BRDA:16,1,0,3
BRF:2
BRH:2
end_of_record
TN:
SF:src/repositories/index.ts
FNF:0
FNH:0
DA:1,1
DA:2,1
DA:3,1
DA:4,1
LF:4
LH:4
BRF:0
BRH:0
end_of_record
TN:
SF:src/repositories/user.repository.ts
FN:15,UserRepository
FN:19,UserRepository.save
FN:21,UserRepository.listAll
FN:23,UserRepository.retrieve
FN:26,UserRepository.update
FNF:5
FNH:4
FNDA:3,UserRepository
FNDA:3,UserRepository.save
FNDA:1,UserRepository.listAll
FNDA:10,UserRepository.retrieve
FNDA:0,UserRepository.update
DA:1,1
DA:2,1
DA:3,1
DA:4,1
DA:5,1
DA:6,1
DA:7,1
DA:8,1
DA:9,1
DA:10,1
DA:11,1
DA:12,3
DA:13,3
DA:14,3
DA:15,3
DA:16,3
DA:17,3
DA:18,3
DA:19,3
DA:20,3
DA:21,3
DA:22,3
DA:23,3
DA:24,20
DA:25,3
DA:26,3
DA:27,0
DA:28,3
DA:29,1
DA:30,1
LF:30
LH:29
BRDA:12,0,0,3
BRDA:15,1,0,3
BRDA:19,2,0,3
BRDA:19,3,0,3
BRDA:19,4,0,6
BRDA:19,5,0,3
BRDA:19,6,0,3
BRDA:21,7,0,1
BRDA:21,8,0,1
BRDA:21,9,0,2
BRDA:21,10,0,1
BRDA:21,11,0,1
BRDA:23,12,0,10
BRDA:23,13,0,10
BRDA:23,14,0,20
BRDA:24,15,0,10
BRDA:24,16,0,10
BRF:17
BRH:17
end_of_record
TN:
SF:src/routes/course.route.ts
FNF:0
FNH:0
DA:1,1
DA:2,1
DA:3,1
DA:4,1
DA:5,1
DA:6,1
DA:7,1
DA:8,1
DA:9,1
DA:10,1
DA:11,1
DA:12,1
DA:13,1
DA:14,1
DA:15,1
DA:16,1
DA:17,1
DA:18,1
DA:19,1
DA:20,1
DA:21,1
DA:22,1
DA:23,1
DA:24,1
DA:25,1
DA:26,1
DA:27,1
DA:28,1
DA:29,1
DA:30,1
DA:31,1
DA:32,1
DA:33,1
DA:34,1
LF:34
LH:34
BRF:0
BRH:0
end_of_record
TN:
SF:src/routes/index.ts
FN:5,registerRouters
FNF:1
FNH:1
FNDA:2,registerRouters
DA:1,1
DA:2,1
DA:3,1
DA:4,1
DA:5,1
DA:6,2
DA:7,2
DA:8,2
DA:9,2
DA:10,1
DA:11,1
LF:11
LH:11
BRDA:5,0,0,2
BRF:1
BRH:1
end_of_record
TN:
SF:src/routes/user.route.ts
FNF:0
FNH:0
DA:1,1
DA:2,1
DA:3,1
DA:4,1
DA:5,1
DA:6,1
DA:7,1
DA:8,1
DA:9,1
DA:10,1
DA:11,1
DA:12,1
DA:13,1
DA:14,1
DA:15,1
DA:16,1
DA:17,1
DA:18,1
DA:19,1
DA:20,1
DA:21,1
DA:22,1
DA:23,1
DA:24,1
DA:25,1
DA:26,1
DA:27,1
DA:28,1
DA:29,1
DA:30,1
DA:31,1
DA:32,1
DA:33,1
DA:34,1
DA:35,1
DA:36,1
DA:37,1
DA:38,1
DA:39,1
DA:40,1
DA:41,1
DA:42,1
DA:43,1
DA:44,1
DA:45,1
DA:46,1
DA:47,1
DA:48,1
DA:49,1
DA:50,1
DA:51,1
DA:52,1
DA:53,1
DA:54,1
LF:54
LH:54
BRF:0
BRH:0
end_of_record
TN:
SF:src/schemas/index.ts
FN:12,get
FN:13,get
FN:14,get
FN:15,get
FN:16,get
FN:17,get
FNF:6
FNH:5
FNDA:2,get
FNDA:2,get
FNDA:0,get
FNDA:2,get
FNDA:3,get
FNDA:2,get
DA:1,1
DA:2,1
DA:3,1
DA:4,1
DA:5,1
DA:6,1
DA:7,1
DA:8,1
DA:9,1
DA:10,1
DA:11,1
DA:12,1
DA:13,1
DA:14,1
DA:15,1
DA:16,1
DA:17,1
DA:18,1
DA:19,1
LF:19
LH:19
BRDA:12,0,0,2
BRDA:13,1,0,2
BRDA:15,2,0,2
BRDA:16,3,0,3
BRDA:17,4,0,2
BRF:5
BRH:5
end_of_record
TN:
SF:src/schemas/courses/create.schema.ts
FNF:0
FNH:0
DA:1,1
DA:2,1
DA:3,1
DA:4,1
DA:5,1
DA:6,1
DA:7,1
DA:8,1
DA:9,1
DA:10,1
DA:11,1
DA:12,1
DA:13,1
DA:14,1
DA:15,1
DA:16,1
DA:17,1
DA:18,1
DA:19,1
LF:19
LH:19
BRF:0
BRH:0
end_of_record
TN:
SF:src/schemas/courses/getAll.Students.schema.ts
FNF:0
FNH:0
DA:1,1
DA:2,1
DA:3,1
DA:4,1
DA:5,1
DA:6,1
DA:7,1
DA:8,1
DA:9,1
DA:10,1
DA:11,1
DA:12,1
DA:13,1
DA:14,1
LF:14
LH:14
BRF:0
BRH:0
end_of_record
TN:
SF:src/schemas/courses/getAll.schema.ts
FNF:0
FNH:0
DA:1,1
DA:2,1
DA:3,1
DA:4,1
DA:5,1
DA:6,1
DA:7,1
DA:8,1
DA:9,1
DA:10,1
DA:11,1
DA:12,1
DA:13,1
DA:14,1
DA:15,1
DA:16,1
DA:17,1
DA:18,1
DA:19,1
DA:20,1
DA:21,1
LF:21
LH:21
BRF:0
BRH:0
end_of_record
TN:
SF:src/schemas/user/create.schema.ts
FNF:0
FNH:0
DA:1,1
DA:2,1
DA:3,1
DA:4,1
DA:5,1
DA:6,1
DA:7,1
DA:8,1
DA:9,1
DA:10,1
DA:11,1
DA:12,1
DA:13,1
DA:14,1
DA:15,1
DA:16,1
DA:17,1
DA:18,1
DA:19,1
DA:20,1
DA:21,1
DA:22,1
DA:23,1
DA:24,1
DA:25,1
DA:26,1
DA:27,1
DA:28,1
DA:29,1
DA:30,1
DA:31,1
DA:32,1
DA:33,1
DA:34,1
DA:35,1
DA:36,1
DA:37,1
DA:38,1
DA:39,1
DA:40,1
DA:41,1
DA:42,1
DA:43,1
DA:44,1
DA:45,1
LF:45
LH:45
BRDA:10,0,0,3
BRF:1
BRH:1
end_of_record
TN:
SF:src/schemas/user/getAll.schema.ts
FNF:0
FNH:0
DA:1,1
DA:2,1
DA:3,1
DA:4,1
DA:5,1
DA:6,1
DA:7,1
DA:8,1
DA:9,1
DA:10,1
DA:11,1
DA:12,1
DA:13,1
DA:14,1
DA:15,1
DA:16,1
DA:17,1
LF:17
LH:17
BRF:0
BRH:0
end_of_record
TN:
SF:src/schemas/user/login.schema.ts
FNF:0
FNH:0
DA:1,1
DA:2,1
DA:3,1
DA:4,1
DA:5,1
DA:6,1
DA:7,1
DA:8,1
LF:8
LH:8
BRF:0
BRH:0
end_of_record
TN:
SF:src/services/course.service.ts
FN:11,CourseService
FN:12,CourseService.createCourse
FN:19,CourseService.readAllCourses
FN:41,CourseService.updateCourse
FN:51,CourseService.registerStudent
FNF:5
FNH:1
FNDA:2,CourseService
FNDA:0,CourseService.createCourse
FNDA:0,CourseService.readAllCourses
FNDA:0,CourseService.updateCourse
FNDA:0,CourseService.registerStudent
DA:1,1
DA:2,1
DA:3,1
DA:4,1
DA:5,1
DA:6,1
DA:7,1
DA:8,1
DA:9,1
DA:10,1
DA:11,2
DA:12,2
DA:13,0
DA:14,0
DA:15,0
DA:16,0
DA:17,0
DA:18,2
DA:19,2
DA:20,0
DA:21,0
DA:22,0
DA:23,0
DA:24,0
DA:25,0
DA:26,0
DA:27,0
DA:28,0
DA:29,0
DA:30,0
DA:31,0
DA:32,0
DA:33,0
DA:34,0
DA:35,0
DA:36,0
DA:37,0
DA:38,0
DA:39,0
DA:40,2
DA:41,2
DA:42,0
DA:43,0
DA:44,0
DA:45,0
DA:46,0
DA:47,0
DA:48,0
DA:49,0
DA:50,2
DA:51,2
DA:52,0
DA:53,0
DA:54,0
DA:55,0
DA:56,0
DA:57,2
DA:58,1
DA:59,1
LF:59
LH:21
BRDA:11,0,0,2
BRDA:11,1,0,2
BRF:2
BRH:2
end_of_record
TN:
SF:src/services/index.ts
FNF:0
FNH:0
DA:1,1
DA:2,1
DA:3,1
DA:4,1
LF:4
LH:4
BRF:0
BRH:0
end_of_record
TN:
SF:src/services/mailer.service.ts
FN:9,mailerService
FN:10,welcomeEmail
FNF:2
FNH:1
FNDA:2,mailerService
FNDA:0,welcomeEmail
DA:1,1
DA:2,1
DA:3,1
DA:4,1
DA:5,1
DA:6,1
DA:7,1
DA:8,1
DA:9,2
DA:10,2
DA:11,0
DA:12,0
DA:13,0
DA:14,0
DA:15,0
DA:16,0
DA:17,0
DA:18,0
DA:19,0
DA:20,0
DA:21,0
DA:22,0
DA:23,0
DA:24,0
DA:25,0
DA:26,0
DA:27,0
DA:28,0
DA:29,0
DA:30,0
DA:31,0
DA:32,0
DA:33,0
DA:34,0
DA:35,0
DA:36,0
DA:37,0
DA:38,0
DA:39,0
DA:40,0
DA:41,0
DA:42,0
DA:43,0
DA:44,0
DA:45,0
DA:46,0
DA:47,0
DA:48,0
DA:49,2
DA:50,2
DA:51,1
DA:52,1
LF:52
LH:14
BRDA:9,0,0,2
BRDA:9,1,0,2
BRF:2
BRH:2
end_of_record
TN:
SF:src/services/user.service.ts
FN:20,UserService
FN:21,UserService.login
FN:48,UserService.create
FN:56,UserService.getById
FN:63,UserService.getAll
FN:70,UserService.update
FNF:6
FNH:4
FNDA:2,UserService
FNDA:2,UserService.login
FNDA:3,UserService.create
FNDA:0,UserService.getById
FNDA:1,UserService.getAll
FNDA:0,UserService.update
DA:1,1
DA:2,1
DA:3,1
DA:4,1
DA:5,1
DA:6,1
DA:7,1
DA:8,1
DA:9,1
DA:10,1
DA:11,1
DA:12,1
DA:13,1
DA:14,1
DA:15,1
DA:16,1
DA:17,1
DA:18,1
DA:19,1
DA:20,2
DA:21,2
DA:22,2
DA:23,2
DA:24,2
DA:25,2
DA:26,0
DA:27,0
DA:28,0
DA:29,0
DA:30,0
DA:31,2
DA:32,0
DA:33,0
DA:34,0
DA:35,0
DA:36,0
DA:37,2
DA:38,2
DA:39,2
DA:40,2
DA:41,2
DA:42,2
DA:43,2
DA:44,2
DA:45,2
DA:46,2
DA:47,2
DA:48,2
DA:49,3
DA:50,3
DA:51,3
DA:52,3
DA:53,3
DA:54,3
DA:55,2
DA:56,2
DA:57,0
DA:58,0
DA:59,0
DA:60,0
DA:61,0
DA:62,2
DA:63,2
DA:64,1
DA:65,1
DA:66,1
DA:67,1
DA:68,1
DA:69,2
DA:70,2
DA:71,0
DA:72,0
DA:73,0
DA:74,0
DA:75,0
DA:76,0
DA:77,2
DA:78,1
DA:79,1
LF:79
LH:58
BRDA:20,0,0,2
BRDA:20,1,0,2
BRDA:21,2,0,2
BRDA:22,3,0,2
BRDA:25,4,0,0
BRDA:31,5,0,0
BRDA:48,6,0,3
BRDA:49,7,0,3
BRDA:51,8,0,3
BRDA:63,9,0,1
BRDA:63,10,0,1
BRDA:64,11,0,1
BRDA:65,12,0,1
BRF:13
BRH:11
end_of_record
TN:
SF:src/test/index.ts
FN:9,generateUser
FN:23,Connection
FN:27,Connection.create
FN:35,Connection.close
FN:44,Connection.clear
FNF:5
FNH:5
FNDA:4,generateUser
FNDA:2,Connection
FNDA:2,Connection.create
FNDA:2,Connection.close
FNDA:6,Connection.clear
DA:1,1
DA:2,1
DA:3,1
DA:4,1
DA:5,1
DA:6,1
DA:7,1
DA:8,1
DA:9,1
DA:10,4
DA:11,4
DA:12,4
DA:13,4
DA:14,4
DA:15,4
DA:16,4
DA:17,4
DA:18,1
DA:19,2
DA:20,2
DA:21,2
DA:22,2
DA:23,2
DA:24,2
DA:25,2
DA:26,2
DA:27,2
DA:28,2
DA:29,0
DA:30,2
DA:31,2
DA:32,2
DA:33,2
DA:34,2
DA:35,2
DA:36,2
DA:37,2
DA:38,2
DA:39,2
DA:40,0
DA:41,2
DA:42,2
DA:43,2
DA:44,2
DA:45,6
DA:46,6
DA:47,6
DA:48,6
DA:49,18
DA:50,18
DA:51,6
DA:52,6
DA:53,2
DA:54,1
DA:55,1
LF:55
LH:53
BRDA:9,0,0,4
BRDA:19,1,0,2
BRDA:23,2,0,2
BRDA:27,3,0,2
BRDA:27,4,0,2
BRDA:28,5,0,0
BRDA:35,6,0,2
BRDA:35,7,0,2
BRDA:36,8,0,2
BRDA:39,9,0,0
BRDA:44,10,0,6
BRDA:44,11,0,6
BRDA:45,12,0,6
BRDA:48,13,0,18
BRDA:48,14,0,18
BRF:15
BRH:13
end_of_record
